{"C:\\github\\lifestyle-spaces\\frontend\\src\\App.tsx": {"path":"C:\\github\\lifestyle-spaces\\frontend\\src\\App.tsx","all":false,"statementMap":{"0":{"start":{"line":1,"column":0},"end":{"line":1,"column":43}},"1":{"start":{"line":2,"column":0},"end":{"line":2,"column":42}},"2":{"start":{"line":3,"column":0},"end":{"line":3,"column":32}},"3":{"start":{"line":4,"column":0},"end":{"line":4,"column":18}},"4":{"start":{"line":5,"column":0},"end":{"line":5,"column":43}},"5":{"start":{"line":6,"column":0},"end":{"line":6,"column":33}},"12":{"start":{"line":13,"column":0},"end":{"line":13,"column":16}},"13":{"start":{"line":14,"column":0},"end":{"line":14,"column":39}},"14":{"start":{"line":15,"column":0},"end":{"line":15,"column":77}},"15":{"start":{"line":16,"column":0},"end":{"line":16,"column":69}},"16":{"start":{"line":17,"column":0},"end":{"line":17,"column":63}},"18":{"start":{"line":19,"column":0},"end":{"line":19,"column":38}},"19":{"start":{"line":20,"column":0},"end":{"line":20,"column":28}},"20":{"start":{"line":21,"column":0},"end":{"line":21,"column":24}},"22":{"start":{"line":23,"column":0},"end":{"line":23,"column":9}},"23":{"start":{"line":24,"column":0},"end":{"line":24,"column":51}},"24":{"start":{"line":25,"column":0},"end":{"line":25,"column":29}},"25":{"start":{"line":26,"column":0},"end":{"line":26,"column":21}},"26":{"start":{"line":27,"column":0},"end":{"line":27,"column":92}},"27":{"start":{"line":28,"column":0},"end":{"line":28,"column":34}},"28":{"start":{"line":29,"column":0},"end":{"line":29,"column":27}},"29":{"start":{"line":30,"column":0},"end":{"line":30,"column":15}},"30":{"start":{"line":31,"column":0},"end":{"line":31,"column":31}},"31":{"start":{"line":32,"column":0},"end":{"line":32,"column":5}},"32":{"start":{"line":33,"column":0},"end":{"line":33,"column":3}},"34":{"start":{"line":35,"column":0},"end":{"line":35,"column":19}},"36":{"start":{"line":37,"column":0},"end":{"line":37,"column":20}},"37":{"start":{"line":38,"column":0},"end":{"line":38,"column":8}},"39":{"start":{"line":40,"column":0},"end":{"line":40,"column":10}},"40":{"start":{"line":41,"column":0},"end":{"line":41,"column":6}},"41":{"start":{"line":42,"column":0},"end":{"line":42,"column":11}},"42":{"start":{"line":43,"column":0},"end":{"line":43,"column":51}},"43":{"start":{"line":44,"column":0},"end":{"line":44,"column":65}},"44":{"start":{"line":45,"column":0},"end":{"line":45,"column":12}},"45":{"start":{"line":46,"column":0},"end":{"line":46,"column":52}},"46":{"start":{"line":47,"column":0},"end":{"line":47,"column":73}},"47":{"start":{"line":48,"column":0},"end":{"line":48,"column":12}},"48":{"start":{"line":49,"column":0},"end":{"line":49,"column":12}},"49":{"start":{"line":50,"column":0},"end":{"line":50,"column":31}},"51":{"start":{"line":52,"column":0},"end":{"line":52,"column":28}},"52":{"start":{"line":53,"column":0},"end":{"line":53,"column":34}},"53":{"start":{"line":54,"column":0},"end":{"line":54,"column":56}},"54":{"start":{"line":55,"column":0},"end":{"line":55,"column":77}},"56":{"start":{"line":57,"column":0},"end":{"line":57,"column":43}},"57":{"start":{"line":58,"column":0},"end":{"line":58,"column":36}},"58":{"start":{"line":59,"column":0},"end":{"line":59,"column":18}},"59":{"start":{"line":60,"column":0},"end":{"line":60,"column":37}},"60":{"start":{"line":61,"column":0},"end":{"line":61,"column":38}},"61":{"start":{"line":62,"column":0},"end":{"line":62,"column":44}},"63":{"start":{"line":64,"column":0},"end":{"line":64,"column":66}},"64":{"start":{"line":65,"column":0},"end":{"line":65,"column":19}},"66":{"start":{"line":67,"column":0},"end":{"line":67,"column":28}},"67":{"start":{"line":68,"column":0},"end":{"line":68,"column":44}},"68":{"start":{"line":69,"column":0},"end":{"line":69,"column":37}},"69":{"start":{"line":70,"column":0},"end":{"line":70,"column":50}},"70":{"start":{"line":71,"column":0},"end":{"line":71,"column":86}},"71":{"start":{"line":72,"column":0},"end":{"line":72,"column":18}},"74":{"start":{"line":75,"column":0},"end":{"line":75,"column":27}},"75":{"start":{"line":76,"column":0},"end":{"line":76,"column":42}},"76":{"start":{"line":77,"column":0},"end":{"line":77,"column":46}},"77":{"start":{"line":78,"column":0},"end":{"line":78,"column":41}},"78":{"start":{"line":79,"column":0},"end":{"line":79,"column":76}},"79":{"start":{"line":80,"column":0},"end":{"line":80,"column":18}},"81":{"start":{"line":82,"column":0},"end":{"line":82,"column":14}},"82":{"start":{"line":83,"column":0},"end":{"line":83,"column":12}},"84":{"start":{"line":85,"column":0},"end":{"line":85,"column":28}},"85":{"start":{"line":86,"column":0},"end":{"line":86,"column":63}},"86":{"start":{"line":87,"column":0},"end":{"line":87,"column":26}},"87":{"start":{"line":88,"column":0},"end":{"line":88,"column":17}},"88":{"start":{"line":89,"column":0},"end":{"line":89,"column":11}},"89":{"start":{"line":90,"column":0},"end":{"line":90,"column":60}},"90":{"start":{"line":91,"column":0},"end":{"line":91,"column":12}},"91":{"start":{"line":92,"column":0},"end":{"line":92,"column":12}},"92":{"start":{"line":93,"column":0},"end":{"line":93,"column":35}},"94":{"start":{"line":95,"column":0},"end":{"line":95,"column":10}},"95":{"start":{"line":96,"column":0},"end":{"line":96,"column":7}},"97":{"start":{"line":98,"column":0},"end":{"line":98,"column":1}},"99":{"start":{"line":100,"column":0},"end":{"line":100,"column":18}}},"s":{"0":1,"1":1,"2":1,"3":1,"4":1,"5":1,"12":47,"13":47,"14":47,"15":47,"16":47,"18":47,"19":18,"20":18,"22":18,"23":18,"24":16,"25":18,"26":2,"27":2,"28":2,"29":18,"30":18,"31":18,"32":18,"34":47,"36":17,"37":47,"39":47,"40":47,"41":47,"42":47,"43":47,"44":47,"45":47,"46":47,"47":47,"48":47,"49":47,"51":47,"52":47,"53":47,"54":47,"56":47,"57":47,"58":47,"59":47,"60":47,"61":47,"63":47,"64":47,"66":47,"67":10,"68":10,"69":10,"70":10,"71":10,"74":47,"75":2,"76":2,"77":2,"78":2,"79":2,"81":47,"82":47,"84":47,"85":47,"86":47,"87":47,"88":47,"89":47,"90":47,"91":47,"92":47,"94":47,"95":47,"97":47,"99":1},"branchMap":{"0":{"type":"branch","line":13,"loc":{"start":{"line":13,"column":0},"end":{"line":98,"column":1}},"locations":[{"start":{"line":13,"column":0},"end":{"line":98,"column":1}}]},"1":{"type":"branch","line":55,"loc":{"start":{"line":55,"column":49},"end":{"line":55,"column":65}},"locations":[{"start":{"line":55,"column":49},"end":{"line":55,"column":65}}]},"2":{"type":"branch","line":55,"loc":{"start":{"line":55,"column":57},"end":{"line":55,"column":73}},"locations":[{"start":{"line":55,"column":57},"end":{"line":55,"column":73}}]},"3":{"type":"branch","line":64,"loc":{"start":{"line":64,"column":13},"end":{"line":64,"column":47}},"locations":[{"start":{"line":64,"column":13},"end":{"line":64,"column":47}}]},"4":{"type":"branch","line":64,"loc":{"start":{"line":64,"column":31},"end":{"line":64,"column":66}},"locations":[{"start":{"line":64,"column":31},"end":{"line":64,"column":66}}]},"5":{"type":"branch","line":67,"loc":{"start":{"line":67,"column":11},"end":{"line":72,"column":18}},"locations":[{"start":{"line":67,"column":11},"end":{"line":72,"column":18}}]},"6":{"type":"branch","line":75,"loc":{"start":{"line":75,"column":11},"end":{"line":80,"column":18}},"locations":[{"start":{"line":75,"column":11},"end":{"line":80,"column":18}}]},"7":{"type":"branch","line":19,"loc":{"start":{"line":19,"column":25},"end":{"line":33,"column":3}},"locations":[{"start":{"line":19,"column":25},"end":{"line":33,"column":3}}]},"8":{"type":"branch","line":24,"loc":{"start":{"line":24,"column":50},"end":{"line":26,"column":13}},"locations":[{"start":{"line":24,"column":50},"end":{"line":26,"column":13}}]},"9":{"type":"branch","line":26,"loc":{"start":{"line":26,"column":4},"end":{"line":30,"column":6}},"locations":[{"start":{"line":26,"column":4},"end":{"line":30,"column":6}}]},"10":{"type":"branch","line":27,"loc":{"start":{"line":27,"column":44},"end":{"line":27,"column":68}},"locations":[{"start":{"line":27,"column":44},"end":{"line":27,"column":68}}]},"11":{"type":"branch","line":27,"loc":{"start":{"line":27,"column":58},"end":{"line":27,"column":92}},"locations":[{"start":{"line":27,"column":58},"end":{"line":27,"column":92}}]},"12":{"type":"branch","line":35,"loc":{"start":{"line":35,"column":12},"end":{"line":38,"column":5}},"locations":[{"start":{"line":35,"column":12},"end":{"line":38,"column":5}}]},"13":{"type":"branch","line":86,"loc":{"start":{"line":86,"column":25},"end":{"line":86,"column":63}},"locations":[{"start":{"line":86,"column":25},"end":{"line":86,"column":63}}]},"14":{"type":"branch","line":86,"loc":{"start":{"line":86,"column":40},"end":{"line":86,"column":60}},"locations":[{"start":{"line":86,"column":40},"end":{"line":86,"column":60}}]}},"b":{"0":[47],"1":[3],"2":[44],"3":[19],"4":[28],"5":[10],"6":[2],"7":[18],"8":[16],"9":[2],"10":[1],"11":[1],"12":[17],"13":[3],"14":[3]},"fnMap":{"0":{"name":"App","decl":{"start":{"line":13,"column":0},"end":{"line":98,"column":1}},"loc":{"start":{"line":13,"column":0},"end":{"line":98,"column":1}},"line":13},"1":{"name":"checkApiHealth","decl":{"start":{"line":19,"column":25},"end":{"line":33,"column":3}},"loc":{"start":{"line":19,"column":25},"end":{"line":33,"column":3}},"line":19},"2":{"name":"onClick","decl":{"start":{"line":86,"column":25},"end":{"line":86,"column":63}},"loc":{"start":{"line":86,"column":25},"end":{"line":86,"column":63}},"line":86}},"f":{"0":47,"1":18,"2":3}}
,"C:\\github\\lifestyle-spaces\\frontend\\src\\components\\Button.tsx": {"path":"C:\\github\\lifestyle-spaces\\frontend\\src\\components\\Button.tsx","all":false,"statementMap":{"0":{"start":{"line":1,"column":0},"end":{"line":1,"column":41}},"1":{"start":{"line":2,"column":0},"end":{"line":2,"column":21}},"12":{"start":{"line":13,"column":0},"end":{"line":13,"column":60}},"13":{"start":{"line":14,"column":0},"end":{"line":14,"column":11}},"14":{"start":{"line":15,"column":0},"end":{"line":15,"column":22}},"15":{"start":{"line":16,"column":0},"end":{"line":16,"column":18}},"16":{"start":{"line":17,"column":0},"end":{"line":17,"column":18}},"17":{"start":{"line":18,"column":0},"end":{"line":18,"column":20}},"18":{"start":{"line":19,"column":0},"end":{"line":19,"column":19}},"19":{"start":{"line":20,"column":0},"end":{"line":20,"column":17}},"20":{"start":{"line":21,"column":0},"end":{"line":21,"column":18}},"21":{"start":{"line":22,"column":0},"end":{"line":22,"column":10}},"22":{"start":{"line":23,"column":0},"end":{"line":23,"column":12}},"24":{"start":{"line":25,"column":0},"end":{"line":25,"column":27}},"25":{"start":{"line":26,"column":0},"end":{"line":26,"column":39}},"26":{"start":{"line":27,"column":0},"end":{"line":27,"column":33}},"27":{"start":{"line":28,"column":0},"end":{"line":28,"column":51}},"28":{"start":{"line":29,"column":0},"end":{"line":29,"column":67}},"29":{"start":{"line":30,"column":0},"end":{"line":30,"column":58}},"31":{"start":{"line":32,"column":0},"end":{"line":32,"column":19}},"32":{"start":{"line":33,"column":0},"end":{"line":33,"column":16}},"33":{"start":{"line":34,"column":0},"end":{"line":34,"column":17}},"34":{"start":{"line":35,"column":0},"end":{"line":35,"column":14}},"35":{"start":{"line":36,"column":0},"end":{"line":36,"column":17}},"36":{"start":{"line":37,"column":0},"end":{"line":37,"column":18}},"37":{"start":{"line":38,"column":0},"end":{"line":38,"column":19}},"38":{"start":{"line":39,"column":0},"end":{"line":39,"column":13}},"39":{"start":{"line":40,"column":0},"end":{"line":40,"column":29}},"42":{"start":{"line":43,"column":0},"end":{"line":43,"column":32}},"43":{"start":{"line":44,"column":0},"end":{"line":44,"column":18}},"44":{"start":{"line":45,"column":0},"end":{"line":45,"column":25}},"45":{"start":{"line":46,"column":0},"end":{"line":46,"column":5}},"47":{"start":{"line":48,"column":0},"end":{"line":48,"column":41}},"48":{"start":{"line":49,"column":0},"end":{"line":49,"column":30}},"49":{"start":{"line":50,"column":0},"end":{"line":50,"column":5}},"51":{"start":{"line":52,"column":0},"end":{"line":52,"column":19}},"52":{"start":{"line":53,"column":0},"end":{"line":53,"column":3}},"54":{"start":{"line":55,"column":0},"end":{"line":55,"column":10}},"55":{"start":{"line":56,"column":0},"end":{"line":56,"column":11}},"56":{"start":{"line":57,"column":0},"end":{"line":57,"column":15}},"57":{"start":{"line":58,"column":0},"end":{"line":58,"column":17}},"58":{"start":{"line":59,"column":0},"end":{"line":59,"column":25}},"59":{"start":{"line":60,"column":0},"end":{"line":60,"column":36}},"60":{"start":{"line":61,"column":0},"end":{"line":61,"column":16}},"62":{"start":{"line":63,"column":0},"end":{"line":63,"column":24}},"63":{"start":{"line":64,"column":0},"end":{"line":64,"column":13}},"65":{"start":{"line":66,"column":0},"end":{"line":66,"column":2}},"67":{"start":{"line":68,"column":0},"end":{"line":68,"column":29}},"69":{"start":{"line":70,"column":0},"end":{"line":70,"column":21}}},"s":{"0":1,"1":1,"12":1,"13":23,"14":23,"15":23,"16":23,"17":23,"18":23,"19":23,"20":23,"21":23,"22":23,"24":23,"25":23,"26":23,"27":23,"28":23,"29":23,"31":23,"32":23,"33":23,"34":23,"35":23,"36":23,"37":23,"38":23,"39":23,"42":23,"43":23,"44":2,"45":2,"47":23,"48":1,"49":1,"51":20,"52":23,"54":23,"55":23,"56":23,"57":23,"58":23,"59":23,"60":23,"62":23,"63":23,"65":23,"67":1,"69":1},"branchMap":{"0":{"type":"branch","line":13,"loc":{"start":{"line":13,"column":58},"end":{"line":66,"column":2}},"locations":[{"start":{"line":13,"column":58},"end":{"line":66,"column":2}}]},"1":{"type":"branch","line":28,"loc":{"start":{"line":28,"column":23},"end":{"line":28,"column":49}},"locations":[{"start":{"line":28,"column":23},"end":{"line":28,"column":49}}]},"2":{"type":"branch","line":28,"loc":{"start":{"line":28,"column":33},"end":{"line":28,"column":51}},"locations":[{"start":{"line":28,"column":33},"end":{"line":28,"column":51}}]},"3":{"type":"branch","line":29,"loc":{"start":{"line":29,"column":25},"end":{"line":29,"column":48}},"locations":[{"start":{"line":29,"column":25},"end":{"line":29,"column":48}}]},"4":{"type":"branch","line":29,"loc":{"start":{"line":29,"column":37},"end":{"line":29,"column":65}},"locations":[{"start":{"line":29,"column":37},"end":{"line":29,"column":65}}]},"5":{"type":"branch","line":29,"loc":{"start":{"line":29,"column":48},"end":{"line":29,"column":67}},"locations":[{"start":{"line":29,"column":48},"end":{"line":29,"column":67}}]},"6":{"type":"branch","line":30,"loc":{"start":{"line":30,"column":25},"end":{"line":30,"column":56}},"locations":[{"start":{"line":30,"column":25},"end":{"line":30,"column":56}}]},"7":{"type":"branch","line":30,"loc":{"start":{"line":30,"column":37},"end":{"line":30,"column":58}},"locations":[{"start":{"line":30,"column":37},"end":{"line":30,"column":58}}]},"8":{"type":"branch","line":60,"loc":{"start":{"line":60,"column":16},"end":{"line":60,"column":36}},"locations":[{"start":{"line":60,"column":16},"end":{"line":60,"column":36}}]},"9":{"type":"branch","line":43,"loc":{"start":{"line":43,"column":25},"end":{"line":53,"column":3}},"locations":[{"start":{"line":43,"column":25},"end":{"line":53,"column":3}}]},"10":{"type":"branch","line":44,"loc":{"start":{"line":44,"column":17},"end":{"line":46,"column":5}},"locations":[{"start":{"line":44,"column":17},"end":{"line":46,"column":5}}]},"11":{"type":"branch","line":46,"loc":{"start":{"line":46,"column":4},"end":{"line":48,"column":40}},"locations":[{"start":{"line":46,"column":4},"end":{"line":48,"column":40}}]},"12":{"type":"branch","line":48,"loc":{"start":{"line":48,"column":40},"end":{"line":50,"column":5}},"locations":[{"start":{"line":48,"column":40},"end":{"line":50,"column":5}}]},"13":{"type":"branch","line":50,"loc":{"start":{"line":50,"column":4},"end":{"line":52,"column":19}},"locations":[{"start":{"line":50,"column":4},"end":{"line":52,"column":19}}]}},"b":{"0":[23],"1":[2],"2":[21],"3":[21],"4":[4],"5":[19],"6":[2],"7":[21],"8":[21],"9":[23],"10":[2],"11":[21],"12":[1],"13":[20]},"fnMap":{"0":{"name":"renderChildren","decl":{"start":{"line":43,"column":25},"end":{"line":53,"column":3}},"loc":{"start":{"line":43,"column":25},"end":{"line":53,"column":3}},"line":43}},"f":{"0":23}}
,"C:\\github\\lifestyle-spaces\\frontend\\src\\config\\index.ts": {"path":"C:\\github\\lifestyle-spaces\\frontend\\src\\config\\index.ts","all":false,"statementMap":{"12":{"start":{"line":13,"column":0},"end":{"line":13,"column":24}},"13":{"start":{"line":14,"column":0},"end":{"line":14,"column":41}},"14":{"start":{"line":15,"column":0},"end":{"line":15,"column":10}},"20":{"start":{"line":21,"column":0},"end":{"line":21,"column":40}},"22":{"start":{"line":23,"column":0},"end":{"line":23,"column":80}},"25":{"start":{"line":26,"column":0},"end":{"line":26,"column":46}},"28":{"start":{"line":29,"column":0},"end":{"line":29,"column":82}},"29":{"start":{"line":30,"column":0},"end":{"line":30,"column":78}},"31":{"start":{"line":32,"column":0},"end":{"line":32,"column":10}},"32":{"start":{"line":33,"column":0},"end":{"line":33,"column":11}},"33":{"start":{"line":34,"column":0},"end":{"line":34,"column":10}},"34":{"start":{"line":35,"column":0},"end":{"line":35,"column":12}},"35":{"start":{"line":36,"column":0},"end":{"line":36,"column":3}},"36":{"start":{"line":37,"column":0},"end":{"line":37,"column":1}},"43":{"start":{"line":44,"column":0},"end":{"line":44,"column":81}},"44":{"start":{"line":45,"column":0},"end":{"line":45,"column":60}},"45":{"start":{"line":46,"column":0},"end":{"line":46,"column":16}},"46":{"start":{"line":47,"column":0},"end":{"line":47,"column":3}},"49":{"start":{"line":50,"column":0},"end":{"line":50,"column":7}},"50":{"start":{"line":51,"column":0},"end":{"line":51,"column":26}},"51":{"start":{"line":52,"column":0},"end":{"line":52,"column":15}},"52":{"start":{"line":53,"column":0},"end":{"line":53,"column":11}},"53":{"start":{"line":54,"column":0},"end":{"line":54,"column":16}},"54":{"start":{"line":55,"column":0},"end":{"line":55,"column":3}},"55":{"start":{"line":56,"column":0},"end":{"line":56,"column":1}},"62":{"start":{"line":63,"column":0},"end":{"line":63,"column":49}},"63":{"start":{"line":64,"column":0},"end":{"line":64,"column":28}},"65":{"start":{"line":66,"column":0},"end":{"line":66,"column":32}},"66":{"start":{"line":67,"column":0},"end":{"line":67,"column":20}},"67":{"start":{"line":68,"column":0},"end":{"line":68,"column":120}},"69":{"start":{"line":70,"column":0},"end":{"line":70,"column":5}},"70":{"start":{"line":71,"column":0},"end":{"line":71,"column":3}},"72":{"start":{"line":73,"column":0},"end":{"line":73,"column":15}},"73":{"start":{"line":74,"column":0},"end":{"line":74,"column":1}},"78":{"start":{"line":79,"column":0},"end":{"line":79,"column":42}}},"s":{"12":1,"13":1,"14":1,"20":1,"22":29,"25":29,"28":29,"29":29,"31":29,"32":29,"33":29,"34":29,"35":29,"36":29,"43":1,"44":29,"45":3,"46":3,"49":26,"50":26,"51":26,"52":29,"53":3,"54":3,"55":29,"62":1,"63":22,"65":22,"66":2,"67":2,"69":2,"70":2,"72":20,"73":20,"78":1},"branchMap":{"0":{"type":"branch","line":21,"loc":{"start":{"line":21,"column":7},"end":{"line":37,"column":1}},"locations":[{"start":{"line":21,"column":7},"end":{"line":37,"column":1}}]},"1":{"type":"branch","line":23,"loc":{"start":{"line":23,"column":36},"end":{"line":23,"column":80}},"locations":[{"start":{"line":23,"column":36},"end":{"line":23,"column":80}}]},"2":{"type":"branch","line":29,"loc":{"start":{"line":29,"column":45},"end":{"line":29,"column":82}},"locations":[{"start":{"line":29,"column":45},"end":{"line":29,"column":82}}]},"3":{"type":"branch","line":30,"loc":{"start":{"line":30,"column":45},"end":{"line":30,"column":78}},"locations":[{"start":{"line":30,"column":45},"end":{"line":30,"column":78}}]},"4":{"type":"branch","line":44,"loc":{"start":{"line":44,"column":7},"end":{"line":56,"column":1}},"locations":[{"start":{"line":44,"column":7},"end":{"line":56,"column":1}}]},"5":{"type":"branch","line":45,"loc":{"start":{"line":45,"column":14},"end":{"line":45,"column":59}},"locations":[{"start":{"line":45,"column":14},"end":{"line":45,"column":59}}]},"6":{"type":"branch","line":45,"loc":{"start":{"line":45,"column":59},"end":{"line":53,"column":10}},"locations":[{"start":{"line":45,"column":59},"end":{"line":53,"column":10}}]},"7":{"type":"branch","line":45,"loc":{"start":{"line":45,"column":59},"end":{"line":47,"column":3}},"locations":[{"start":{"line":45,"column":59},"end":{"line":47,"column":3}}]},"8":{"type":"branch","line":47,"loc":{"start":{"line":47,"column":2},"end":{"line":53,"column":10}},"locations":[{"start":{"line":47,"column":2},"end":{"line":53,"column":10}}]},"9":{"type":"branch","line":53,"loc":{"start":{"line":53,"column":2},"end":{"line":55,"column":3}},"locations":[{"start":{"line":53,"column":2},"end":{"line":55,"column":3}}]},"10":{"type":"branch","line":63,"loc":{"start":{"line":63,"column":7},"end":{"line":74,"column":1}},"locations":[{"start":{"line":63,"column":7},"end":{"line":74,"column":1}}]},"11":{"type":"branch","line":66,"loc":{"start":{"line":66,"column":31},"end":{"line":71,"column":3}},"locations":[{"start":{"line":66,"column":31},"end":{"line":71,"column":3}}]},"12":{"type":"branch","line":68,"loc":{"start":{"line":68,"column":73},"end":{"line":68,"column":94}},"locations":[{"start":{"line":68,"column":73},"end":{"line":68,"column":94}}]},"13":{"type":"branch","line":71,"loc":{"start":{"line":71,"column":2},"end":{"line":74,"column":1}},"locations":[{"start":{"line":71,"column":2},"end":{"line":74,"column":1}}]}},"b":{"0":[29],"1":[3],"2":[17],"3":[19],"4":[29],"5":[26],"6":[28],"7":[3],"8":[26],"9":[3],"10":[22],"11":[2],"12":[0],"13":[20]},"fnMap":{"0":{"name":"getConfig","decl":{"start":{"line":21,"column":7},"end":{"line":37,"column":1}},"loc":{"start":{"line":21,"column":7},"end":{"line":37,"column":1}},"line":21},"1":{"name":"validateConfig","decl":{"start":{"line":44,"column":7},"end":{"line":56,"column":1}},"loc":{"start":{"line":44,"column":7},"end":{"line":56,"column":1}},"line":44},"2":{"name":"getValidatedConfig","decl":{"start":{"line":63,"column":7},"end":{"line":74,"column":1}},"loc":{"start":{"line":63,"column":7},"end":{"line":74,"column":1}},"line":63}},"f":{"0":29,"1":29,"2":22}}
,"C:\\github\\lifestyle-spaces\\frontend\\src\\services\\api.ts": {"path":"C:\\github\\lifestyle-spaces\\frontend\\src\\services\\api.ts","all":false,"statementMap":{"0":{"start":{"line":1,"column":0},"end":{"line":1,"column":46}},"5":{"start":{"line":6,"column":0},"end":{"line":6,"column":37}},"6":{"start":{"line":7,"column":0},"end":{"line":7,"column":32}},"7":{"start":{"line":8,"column":0},"end":{"line":8,"column":36}},"9":{"start":{"line":10,"column":0},"end":{"line":10,"column":68}},"10":{"start":{"line":11,"column":0},"end":{"line":11,"column":18}},"11":{"start":{"line":12,"column":0},"end":{"line":12,"column":26}},"12":{"start":{"line":13,"column":0},"end":{"line":13,"column":24}},"13":{"start":{"line":14,"column":0},"end":{"line":14,"column":32}},"14":{"start":{"line":15,"column":0},"end":{"line":15,"column":3}},"15":{"start":{"line":16,"column":0},"end":{"line":16,"column":1}},"40":{"start":{"line":41,"column":0},"end":{"line":41,"column":44}},"41":{"start":{"line":42,"column":0},"end":{"line":42,"column":33}},"43":{"start":{"line":44,"column":0},"end":{"line":44,"column":32}},"44":{"start":{"line":45,"column":0},"end":{"line":45,"column":26}},"45":{"start":{"line":46,"column":0},"end":{"line":46,"column":3}},"53":{"start":{"line":54,"column":0},"end":{"line":54,"column":83}},"55":{"start":{"line":56,"column":0},"end":{"line":56,"column":86}},"56":{"start":{"line":57,"column":0},"end":{"line":57,"column":55}},"58":{"start":{"line":59,"column":0},"end":{"line":59,"column":9}},"59":{"start":{"line":60,"column":0},"end":{"line":60,"column":48}},"61":{"start":{"line":62,"column":0},"end":{"line":62,"column":25}},"62":{"start":{"line":63,"column":0},"end":{"line":63,"column":47}},"63":{"start":{"line":64,"column":0},"end":{"line":64,"column":27}},"64":{"start":{"line":65,"column":0},"end":{"line":65,"column":89}},"65":{"start":{"line":66,"column":0},"end":{"line":66,"column":26}},"66":{"start":{"line":67,"column":0},"end":{"line":67,"column":29}},"67":{"start":{"line":68,"column":0},"end":{"line":68,"column":9}},"68":{"start":{"line":69,"column":0},"end":{"line":69,"column":7}},"71":{"start":{"line":72,"column":0},"end":{"line":72,"column":86}},"72":{"start":{"line":73,"column":0},"end":{"line":73,"column":22}},"73":{"start":{"line":74,"column":0},"end":{"line":74,"column":7}},"75":{"start":{"line":76,"column":0},"end":{"line":76,"column":34}},"76":{"start":{"line":77,"column":0},"end":{"line":77,"column":21}},"77":{"start":{"line":78,"column":0},"end":{"line":78,"column":38}},"78":{"start":{"line":79,"column":0},"end":{"line":79,"column":19}},"79":{"start":{"line":80,"column":0},"end":{"line":80,"column":7}},"82":{"start":{"line":83,"column":0},"end":{"line":83,"column":17}},"83":{"start":{"line":84,"column":0},"end":{"line":84,"column":5}},"84":{"start":{"line":85,"column":0},"end":{"line":85,"column":3}},"89":{"start":{"line":90,"column":0},"end":{"line":90,"column":55}},"90":{"start":{"line":91,"column":0},"end":{"line":91,"column":12}},"91":{"start":{"line":92,"column":0},"end":{"line":92,"column":41}},"92":{"start":{"line":93,"column":0},"end":{"line":93,"column":35}},"93":{"start":{"line":94,"column":0},"end":{"line":94,"column":5}},"94":{"start":{"line":95,"column":0},"end":{"line":95,"column":3}},"101":{"start":{"line":102,"column":0},"end":{"line":102,"column":56}},"102":{"start":{"line":103,"column":0},"end":{"line":103,"column":38}},"103":{"start":{"line":104,"column":0},"end":{"line":104,"column":20}},"104":{"start":{"line":105,"column":0},"end":{"line":105,"column":40}},"105":{"start":{"line":106,"column":0},"end":{"line":106,"column":6}},"106":{"start":{"line":107,"column":0},"end":{"line":107,"column":3}},"114":{"start":{"line":115,"column":0},"end":{"line":115,"column":73}},"115":{"start":{"line":116,"column":0},"end":{"line":116,"column":37}},"116":{"start":{"line":117,"column":0},"end":{"line":117,"column":21}},"117":{"start":{"line":118,"column":0},"end":{"line":118,"column":40}},"118":{"start":{"line":119,"column":0},"end":{"line":119,"column":5}},"120":{"start":{"line":121,"column":0},"end":{"line":121,"column":29}},"121":{"start":{"line":122,"column":0},"end":{"line":122,"column":41}},"122":{"start":{"line":123,"column":0},"end":{"line":123,"column":5}},"124":{"start":{"line":125,"column":0},"end":{"line":125,"column":45}},"125":{"start":{"line":126,"column":0},"end":{"line":126,"column":3}},"133":{"start":{"line":134,"column":0},"end":{"line":134,"column":71}},"134":{"start":{"line":135,"column":0},"end":{"line":135,"column":38}},"135":{"start":{"line":136,"column":0},"end":{"line":136,"column":20}},"136":{"start":{"line":137,"column":0},"end":{"line":137,"column":40}},"137":{"start":{"line":138,"column":0},"end":{"line":138,"column":33}},"138":{"start":{"line":139,"column":0},"end":{"line":139,"column":6}},"139":{"start":{"line":140,"column":0},"end":{"line":140,"column":3}},"146":{"start":{"line":147,"column":0},"end":{"line":147,"column":59}},"147":{"start":{"line":148,"column":0},"end":{"line":148,"column":38}},"148":{"start":{"line":149,"column":0},"end":{"line":149,"column":23}},"149":{"start":{"line":150,"column":0},"end":{"line":150,"column":40}},"150":{"start":{"line":151,"column":0},"end":{"line":151,"column":6}},"151":{"start":{"line":152,"column":0},"end":{"line":152,"column":3}},"157":{"start":{"line":158,"column":0},"end":{"line":158,"column":71}},"158":{"start":{"line":159,"column":0},"end":{"line":159,"column":69}},"159":{"start":{"line":160,"column":0},"end":{"line":160,"column":3}},"160":{"start":{"line":161,"column":0},"end":{"line":161,"column":1}},"166":{"start":{"line":167,"column":0},"end":{"line":167,"column":48}},"167":{"start":{"line":168,"column":0},"end":{"line":168,"column":37}},"168":{"start":{"line":169,"column":0},"end":{"line":169,"column":42}},"169":{"start":{"line":170,"column":0},"end":{"line":170,"column":1}},"180":{"start":{"line":181,"column":0},"end":{"line":181,"column":44}}},"s":{"0":1,"5":1,"6":1,"7":1,"9":1,"10":1,"11":1,"12":1,"13":1,"14":1,"15":1,"40":1,"41":15,"43":15,"44":15,"45":15,"53":15,"55":10,"56":10,"58":10,"59":10,"61":10,"62":1,"63":1,"64":1,"65":1,"66":1,"67":1,"68":1,"71":10,"72":1,"73":1,"75":7,"76":10,"77":2,"78":1,"79":1,"82":1,"83":1,"84":10,"89":15,"90":10,"91":10,"92":10,"93":10,"94":10,"101":15,"102":6,"103":6,"104":6,"105":6,"106":6,"114":15,"115":2,"116":2,"117":2,"118":2,"120":2,"121":1,"122":1,"124":2,"125":2,"133":15,"134":1,"135":1,"136":1,"137":1,"138":1,"139":1,"146":15,"147":1,"148":1,"149":1,"150":1,"151":1,"157":15,"158":1,"159":1,"160":15,"166":1,"167":15,"168":15,"169":15,"180":1},"branchMap":{"0":{"type":"branch","line":6,"loc":{"start":{"line":6,"column":36},"end":{"line":16,"column":1}},"locations":[{"start":{"line":6,"column":36},"end":{"line":16,"column":1}}]},"1":{"type":"branch","line":10,"loc":{"start":{"line":10,"column":2},"end":{"line":15,"column":3}},"locations":[{"start":{"line":10,"column":2},"end":{"line":15,"column":3}}]},"2":{"type":"branch","line":41,"loc":{"start":{"line":41,"column":43},"end":{"line":161,"column":1}},"locations":[{"start":{"line":41,"column":43},"end":{"line":161,"column":1}}]},"3":{"type":"branch","line":44,"loc":{"start":{"line":44,"column":2},"end":{"line":46,"column":3}},"locations":[{"start":{"line":44,"column":2},"end":{"line":46,"column":3}}]},"4":{"type":"branch","line":54,"loc":{"start":{"line":54,"column":2},"end":{"line":85,"column":3}},"locations":[{"start":{"line":54,"column":2},"end":{"line":85,"column":3}}]},"5":{"type":"branch","line":56,"loc":{"start":{"line":56,"column":54},"end":{"line":56,"column":78}},"locations":[{"start":{"line":56,"column":54},"end":{"line":56,"column":78}}]},"6":{"type":"branch","line":56,"loc":{"start":{"line":56,"column":74},"end":{"line":56,"column":86}},"locations":[{"start":{"line":56,"column":74},"end":{"line":56,"column":86}}]},"7":{"type":"branch","line":60,"loc":{"start":{"line":60,"column":47},"end":{"line":62,"column":24}},"locations":[{"start":{"line":60,"column":47},"end":{"line":62,"column":24}}]},"8":{"type":"branch","line":62,"loc":{"start":{"line":62,"column":24},"end":{"line":69,"column":7}},"locations":[{"start":{"line":62,"column":24},"end":{"line":69,"column":7}}]},"9":{"type":"branch","line":69,"loc":{"start":{"line":69,"column":6},"end":{"line":72,"column":37}},"locations":[{"start":{"line":69,"column":6},"end":{"line":72,"column":37}}]},"10":{"type":"branch","line":72,"loc":{"start":{"line":72,"column":30},"end":{"line":72,"column":85}},"locations":[{"start":{"line":72,"column":30},"end":{"line":72,"column":85}}]},"11":{"type":"branch","line":72,"loc":{"start":{"line":72,"column":85},"end":{"line":74,"column":7}},"locations":[{"start":{"line":72,"column":85},"end":{"line":74,"column":7}}]},"12":{"type":"branch","line":74,"loc":{"start":{"line":74,"column":6},"end":{"line":77,"column":13}},"locations":[{"start":{"line":74,"column":6},"end":{"line":77,"column":13}}]},"13":{"type":"branch","line":77,"loc":{"start":{"line":77,"column":4},"end":{"line":84,"column":5}},"locations":[{"start":{"line":77,"column":4},"end":{"line":84,"column":5}}]},"14":{"type":"branch","line":78,"loc":{"start":{"line":78,"column":37},"end":{"line":84,"column":5}},"locations":[{"start":{"line":78,"column":37},"end":{"line":84,"column":5}}]},"15":{"type":"branch","line":90,"loc":{"start":{"line":90,"column":10},"end":{"line":95,"column":3}},"locations":[{"start":{"line":90,"column":10},"end":{"line":95,"column":3}}]},"16":{"type":"branch","line":102,"loc":{"start":{"line":102,"column":2},"end":{"line":107,"column":3}},"locations":[{"start":{"line":102,"column":2},"end":{"line":107,"column":3}}]},"17":{"type":"branch","line":115,"loc":{"start":{"line":115,"column":2},"end":{"line":126,"column":3}},"locations":[{"start":{"line":115,"column":2},"end":{"line":126,"column":3}}]},"18":{"type":"branch","line":121,"loc":{"start":{"line":121,"column":28},"end":{"line":123,"column":5}},"locations":[{"start":{"line":121,"column":28},"end":{"line":123,"column":5}}]},"19":{"type":"branch","line":134,"loc":{"start":{"line":134,"column":2},"end":{"line":140,"column":3}},"locations":[{"start":{"line":134,"column":2},"end":{"line":140,"column":3}}]},"20":{"type":"branch","line":147,"loc":{"start":{"line":147,"column":2},"end":{"line":152,"column":3}},"locations":[{"start":{"line":147,"column":2},"end":{"line":152,"column":3}}]},"21":{"type":"branch","line":158,"loc":{"start":{"line":158,"column":2},"end":{"line":160,"column":3}},"locations":[{"start":{"line":158,"column":2},"end":{"line":160,"column":3}}]},"22":{"type":"branch","line":167,"loc":{"start":{"line":167,"column":7},"end":{"line":170,"column":1}},"locations":[{"start":{"line":167,"column":7},"end":{"line":170,"column":1}}]}},"b":{"0":[1],"1":[1],"2":[15],"3":[15],"4":[10],"5":[9],"6":[1],"7":[9],"8":[1],"9":[8],"10":[7],"11":[1],"12":[7],"13":[2],"14":[1],"15":[10],"16":[6],"17":[2],"18":[1],"19":[1],"20":[1],"21":[1],"22":[15]},"fnMap":{"0":{"name":"<instance_members_initializer>","decl":{"start":{"line":6,"column":36},"end":{"line":16,"column":1}},"loc":{"start":{"line":6,"column":36},"end":{"line":16,"column":1}},"line":6},"1":{"name":"ApiError","decl":{"start":{"line":10,"column":2},"end":{"line":15,"column":3}},"loc":{"start":{"line":10,"column":2},"end":{"line":15,"column":3}},"line":10},"2":{"name":"<instance_members_initializer>","decl":{"start":{"line":41,"column":43},"end":{"line":161,"column":1}},"loc":{"start":{"line":41,"column":43},"end":{"line":161,"column":1}},"line":41},"3":{"name":"ApiServiceImpl","decl":{"start":{"line":44,"column":2},"end":{"line":46,"column":3}},"loc":{"start":{"line":44,"column":2},"end":{"line":46,"column":3}},"line":44},"4":{"name":"request","decl":{"start":{"line":54,"column":2},"end":{"line":85,"column":3}},"loc":{"start":{"line":54,"column":2},"end":{"line":85,"column":3}},"line":54},"5":{"name":"getDefaultHeaders","decl":{"start":{"line":90,"column":10},"end":{"line":95,"column":3}},"loc":{"start":{"line":90,"column":10},"end":{"line":95,"column":3}},"line":90},"6":{"name":"get","decl":{"start":{"line":102,"column":2},"end":{"line":107,"column":3}},"loc":{"start":{"line":102,"column":2},"end":{"line":107,"column":3}},"line":102},"7":{"name":"post","decl":{"start":{"line":115,"column":2},"end":{"line":126,"column":3}},"loc":{"start":{"line":115,"column":2},"end":{"line":126,"column":3}},"line":115},"8":{"name":"put","decl":{"start":{"line":134,"column":2},"end":{"line":140,"column":3}},"loc":{"start":{"line":134,"column":2},"end":{"line":140,"column":3}},"line":134},"9":{"name":"delete","decl":{"start":{"line":147,"column":2},"end":{"line":152,"column":3}},"loc":{"start":{"line":147,"column":2},"end":{"line":152,"column":3}},"line":147},"10":{"name":"healthCheck","decl":{"start":{"line":158,"column":2},"end":{"line":160,"column":3}},"loc":{"start":{"line":158,"column":2},"end":{"line":160,"column":3}},"line":158},"11":{"name":"createApiService","decl":{"start":{"line":167,"column":7},"end":{"line":170,"column":1}},"loc":{"start":{"line":167,"column":7},"end":{"line":170,"column":1}},"line":167}},"f":{"0":1,"1":1,"2":15,"3":15,"4":10,"5":10,"6":6,"7":2,"8":1,"9":1,"10":1,"11":15}}
}
