
> lifestyle-spaces@0.0.0 test
> vitest run --coverage --reporter=json

{"numTotalTestSuites":80,"numPassedTestSuites":80,"numFailedTestSuites":0,"numPendingTestSuites":0,"numTotalTests":306,"numPassedTests":306,"numFailedTests":0,"numPendingTests":0,"numTodoTests":0,"snapshot":{"added":0,"failure":false,"filesAdded":0,"filesRemoved":0,"filesRemovedList":[],"filesUnmatched":0,"filesUpdated":0,"matched":0,"total":0,"unchecked":0,"uncheckedKeysByFile":[],"unmatched":0,"updated":0,"didUpdate":false},"startTime":1756121903450,"success":true,"testResults":[{"assertionResults":[{"ancestorTitles":["App Component - AWS Environment"],"fullName":"App Component - AWS Environment should render successfully when configured for AWS","status":"passed","title":"should render successfully when configured for AWS","duration":65.86560000000009,"failureMessages":[],"meta":{}}],"startTime":1756121905794,"endTime":1756121905859.8655,"status":"passed","message":"","name":"C:/github/lifestyle-spaces/frontend/src/App.aws.test.tsx"},{"assertionResults":[{"ancestorTitles":["App Component"],"fullName":"App Component should render with providers and router structure","status":"passed","title":"should render with providers and router structure","duration":34.58359999999993,"failureMessages":[],"meta":{}},{"ancestorTitles":["App Component"],"fullName":"App Component should render sign in page on /signin route","status":"passed","title":"should render sign in page on /signin route","duration":4.063799999999901,"failureMessages":[],"meta":{}},{"ancestorTitles":["App Component"],"fullName":"App Component should render sign up page on /signup route","status":"passed","title":"should render sign up page on /signup route","duration":2.4774999999999636,"failureMessages":[],"meta":{}},{"ancestorTitles":["App Component"],"fullName":"App Component should render protected dashboard on /dashboard route","status":"passed","title":"should render protected dashboard on /dashboard route","duration":2.1111000000000786,"failureMessages":[],"meta":{}},{"ancestorTitles":["App Component"],"fullName":"App Component should have proper component hierarchy","status":"passed","title":"should have proper component hierarchy","duration":2.4571999999998297,"failureMessages":[],"meta":{}}],"startTime":1756121905810,"endTime":1756121905855.4573,"status":"passed","message":"","name":"C:/github/lifestyle-spaces/frontend/src/App.test.tsx"},{"assertionResults":[{"ancestorTitles":["main.tsx"],"fullName":"main.tsx should skip Amplify configuration in test environment","status":"passed","title":"should skip Amplify configuration in test environment","duration":848.9323999999999,"failureMessages":[],"meta":{}},{"ancestorTitles":["main.tsx"],"fullName":"main.tsx should skip Amplify configuration when VITE_TEST_ENV is set","status":"passed","title":"should skip Amplify configuration when VITE_TEST_ENV is set","duration":0.6687999999999192,"failureMessages":[],"meta":{}},{"ancestorTitles":["main.tsx"],"fullName":"main.tsx should have correct environment detection logic","status":"passed","title":"should have correct environment detection logic","duration":0.6947000000000116,"failureMessages":[],"meta":{}}],"startTime":1756121905136,"endTime":1756121905985.6946,"status":"passed","message":"","name":"C:/github/lifestyle-spaces/frontend/src/main.test.tsx"},{"assertionResults":[{"ancestorTitles":["Button Component"],"fullName":"Button Component should render with default props","status":"passed","title":"should render with default props","duration":79.85450000000014,"failureMessages":[],"meta":{}},{"ancestorTitles":["Button Component"],"fullName":"Button Component should render with custom variant classes","status":"passed","title":"should render with custom variant classes","duration":10.734500000000025,"failureMessages":[],"meta":{}},{"ancestorTitles":["Button Component"],"fullName":"Button Component should render all variant types correctly","status":"passed","title":"should render all variant types correctly","duration":10.973100000000159,"failureMessages":[],"meta":{}},{"ancestorTitles":["Button Component"],"fullName":"Button Component should render with custom size classes","status":"passed","title":"should render with custom size classes","duration":7.080299999999625,"failureMessages":[],"meta":{}},{"ancestorTitles":["Button Component"],"fullName":"Button Component should render all size types correctly","status":"passed","title":"should render all size types correctly","duration":5.849999999999909,"failureMessages":[],"meta":{}},{"ancestorTitles":["Button Component"],"fullName":"Button Component should be disabled when disabled prop is true","status":"passed","title":"should be disabled when disabled prop is true","duration":6.591699999999946,"failureMessages":[],"meta":{}},{"ancestorTitles":["Button Component"],"fullName":"Button Component should handle click events","status":"passed","title":"should handle click events","duration":68.68080000000009,"failureMessages":[],"meta":{}},{"ancestorTitles":["Button Component"],"fullName":"Button Component should not call onClick when disabled","status":"passed","title":"should not call onClick when disabled","duration":11.366399999999885,"failureMessages":[],"meta":{}},{"ancestorTitles":["Button Component"],"fullName":"Button Component should handle click with fireEvent","status":"passed","title":"should handle click with fireEvent","duration":11.414900000000216,"failureMessages":[],"meta":{}},{"ancestorTitles":["Button Component"],"fullName":"Button Component should accept custom className","status":"passed","title":"should accept custom className","duration":7.685199999999895,"failureMessages":[],"meta":{}},{"ancestorTitles":["Button Component"],"fullName":"Button Component should support different button types","status":"passed","title":"should support different button types","duration":7.9681000000000495,"failureMessages":[],"meta":{}},{"ancestorTitles":["Button Component"],"fullName":"Button Component should support loading state","status":"passed","title":"should support loading state","duration":8.45089999999982,"failureMessages":[],"meta":{}},{"ancestorTitles":["Button Component"],"fullName":"Button Component should show loading text when loading is true","status":"passed","title":"should show loading text when loading is true","duration":1.9483000000000175,"failureMessages":[],"meta":{}},{"ancestorTitles":["Button Component"],"fullName":"Button Component should handle fullWidth prop","status":"passed","title":"should handle fullWidth prop","duration":7.379199999999855,"failureMessages":[],"meta":{}},{"ancestorTitles":["Button Component"],"fullName":"Button Component should combine multiple props correctly","status":"passed","title":"should combine multiple props correctly","duration":10.074399999999969,"failureMessages":[],"meta":{}},{"ancestorTitles":["Button Component"],"fullName":"Button Component should handle children as function","status":"passed","title":"should handle children as function","duration":6.988299999999981,"failureMessages":[],"meta":{}},{"ancestorTitles":["Button Component"],"fullName":"Button Component should forward ref correctly","status":"passed","title":"should forward ref correctly","duration":5.479400000000169,"failureMessages":[],"meta":{}}],"startTime":1756121905468,"endTime":1756121905736.4795,"status":"passed","message":"","name":"C:/github/lifestyle-spaces/frontend/src/components/Button.test.tsx"},{"assertionResults":[{"ancestorTitles":["getAmplifyConfig"],"fullName":"getAmplifyConfig should return valid config with all required environment variables","status":"passed","title":"should return valid config with all required environment variables","duration":2.791200000000117,"failureMessages":[],"meta":{}},{"ancestorTitles":["getAmplifyConfig"],"fullName":"getAmplifyConfig should use default region when not specified","status":"passed","title":"should use default region when not specified","duration":0.5593000000001211,"failureMessages":[],"meta":{}},{"ancestorTitles":["getAmplifyConfig"],"fullName":"getAmplifyConfig should use default API URL when not specified","status":"passed","title":"should use default API URL when not specified","duration":0.296100000000024,"failureMessages":[],"meta":{}},{"ancestorTitles":["getAmplifyConfig"],"fullName":"getAmplifyConfig should remove trailing slashes from API URL","status":"passed","title":"should remove trailing slashes from API URL","duration":0.28660000000013497,"failureMessages":[],"meta":{}},{"ancestorTitles":["getAmplifyConfig"],"fullName":"getAmplifyConfig should throw error when user pool ID is missing","status":"passed","title":"should throw error when user pool ID is missing","duration":1.192199999999957,"failureMessages":[],"meta":{}},{"ancestorTitles":["getAmplifyConfig"],"fullName":"getAmplifyConfig should throw error when user pool client ID is missing","status":"passed","title":"should throw error when user pool client ID is missing","duration":0.3666000000000622,"failureMessages":[],"meta":{}},{"ancestorTitles":["validateAmplifyConfig"],"fullName":"validateAmplifyConfig should return true for valid config","status":"passed","title":"should return true for valid config","duration":0.6893000000000029,"failureMessages":[],"meta":{}},{"ancestorTitles":["validateAmplifyConfig"],"fullName":"validateAmplifyConfig should return false when user pool ID is missing","status":"passed","title":"should return false when user pool ID is missing","duration":0.1455999999998312,"failureMessages":[],"meta":{}},{"ancestorTitles":["validateAmplifyConfig"],"fullName":"validateAmplifyConfig should return false when user pool client ID is missing","status":"passed","title":"should return false when user pool client ID is missing","duration":0.1390000000001237,"failureMessages":[],"meta":{}},{"ancestorTitles":["validateAmplifyConfig"],"fullName":"validateAmplifyConfig should return false when region is missing","status":"passed","title":"should return false when region is missing","duration":0.13730000000009568,"failureMessages":[],"meta":{}},{"ancestorTitles":["validateAmplifyConfig"],"fullName":"validateAmplifyConfig should return false when API endpoint is missing","status":"passed","title":"should return false when API endpoint is missing","duration":0.13960000000020045,"failureMessages":[],"meta":{}},{"ancestorTitles":["validateAmplifyConfig"],"fullName":"validateAmplifyConfig should return false when API endpoint is invalid URL","status":"passed","title":"should return false when API endpoint is invalid URL","duration":0.32359999999994216,"failureMessages":[],"meta":{}},{"ancestorTitles":["validateAmplifyConfig"],"fullName":"validateAmplifyConfig should return true for localhost URLs","status":"passed","title":"should return true for localhost URLs","duration":0.33179999999993015,"failureMessages":[],"meta":{}},{"ancestorTitles":["getValidatedAmplifyConfig"],"fullName":"getValidatedAmplifyConfig should return config when validation passes","status":"passed","title":"should return config when validation passes","duration":0.7044000000000779,"failureMessages":[],"meta":{}},{"ancestorTitles":["getValidatedAmplifyConfig"],"fullName":"getValidatedAmplifyConfig should throw error when validation fails","status":"passed","title":"should throw error when validation fails","duration":0.38400000000001455,"failureMessages":[],"meta":{}},{"ancestorTitles":["getValidatedAmplifyConfig"],"fullName":"getValidatedAmplifyConfig should throw descriptive error message for invalid config","status":"passed","title":"should throw descriptive error message for invalid config","duration":0.4196999999999207,"failureMessages":[],"meta":{}}],"startTime":1756121905466,"endTime":1756121905475.4197,"status":"passed","message":"","name":"C:/github/lifestyle-spaces/frontend/src/config/amplify.test.ts"},{"assertionResults":[{"ancestorTitles":["Config System","getConfig"],"fullName":"Config System getConfig should return config with API URL from environment variable","status":"passed","title":"should return config with API URL from environment variable","duration":1.7570000000000618,"failureMessages":[],"meta":{}},{"ancestorTitles":["Config System","getConfig"],"fullName":"Config System getConfig should return default localhost URL when VITE_API_URL is not set","status":"passed","title":"should return default localhost URL when VITE_API_URL is not set","duration":0.24769999999989523,"failureMessages":[],"meta":{}},{"ancestorTitles":["Config System","getConfig"],"fullName":"Config System getConfig should trim trailing slashes from API URL","status":"passed","title":"should trim trailing slashes from API URL","duration":0.2194000000001779,"failureMessages":[],"meta":{}},{"ancestorTitles":["Config System","getConfig"],"fullName":"Config System getConfig should handle multiple trailing slashes","status":"passed","title":"should handle multiple trailing slashes","duration":0.20289999999999964,"failureMessages":[],"meta":{}},{"ancestorTitles":["Config System","validateConfig"],"fullName":"Config System validateConfig should return true for valid AWS API Gateway URL","status":"passed","title":"should return true for valid AWS API Gateway URL","duration":0.7717000000000098,"failureMessages":[],"meta":{}},{"ancestorTitles":["Config System","validateConfig"],"fullName":"Config System validateConfig should return true for valid localhost URL","status":"passed","title":"should return true for valid localhost URL","duration":0.25329999999985375,"failureMessages":[],"meta":{}},{"ancestorTitles":["Config System","validateConfig"],"fullName":"Config System validateConfig should return true for valid localhost with port variation","status":"passed","title":"should return true for valid localhost with port variation","duration":0.19640000000003965,"failureMessages":[],"meta":{}},{"ancestorTitles":["Config System","validateConfig"],"fullName":"Config System validateConfig should return false for invalid URL format","status":"passed","title":"should return false for invalid URL format","duration":0.24559999999996762,"failureMessages":[],"meta":{}},{"ancestorTitles":["Config System","validateConfig"],"fullName":"Config System validateConfig should return false for empty URL","status":"passed","title":"should return false for empty URL","duration":0.10749999999984539,"failureMessages":[],"meta":{}},{"ancestorTitles":["Config System","validateConfig"],"fullName":"Config System validateConfig should return false for config without apiUrl property","status":"passed","title":"should return false for config without apiUrl property","duration":0.10950000000002547,"failureMessages":[],"meta":{}},{"ancestorTitles":["Config System","Environment Detection"],"fullName":"Config System Environment Detection should detect AWS environment from URL","status":"passed","title":"should detect AWS environment from URL","duration":0.25090000000000146,"failureMessages":[],"meta":{}},{"ancestorTitles":["Config System","Environment Detection"],"fullName":"Config System Environment Detection should detect local environment from localhost URL","status":"passed","title":"should detect local environment from localhost URL","duration":0.24289999999996326,"failureMessages":[],"meta":{}},{"ancestorTitles":["Config System","Environment Detection"],"fullName":"Config System Environment Detection should default to local environment when no URL provided","status":"passed","title":"should default to local environment when no URL provided","duration":0.20669999999995525,"failureMessages":[],"meta":{}},{"ancestorTitles":["Config System","getValidatedConfig"],"fullName":"Config System getValidatedConfig should return valid config when URL is valid","status":"passed","title":"should return valid config when URL is valid","duration":0.38030000000003383,"failureMessages":[],"meta":{}},{"ancestorTitles":["Config System","getValidatedConfig"],"fullName":"Config System getValidatedConfig should throw error when configuration is invalid","status":"passed","title":"should throw error when configuration is invalid","duration":0.9847999999999502,"failureMessages":[],"meta":{}}],"startTime":1756121905447,"endTime":1756121905452.9849,"status":"passed","message":"","name":"C:/github/lifestyle-spaces/frontend/src/config/config.test.ts"},{"assertionResults":[{"ancestorTitles":["Config Undefined API URL Edge Case"],"fullName":"Config Undefined API URL Edge Case should handle case where apiUrl is completely undefined in config object","status":"passed","title":"should handle case where apiUrl is completely undefined in config object","duration":133.02490000000012,"failureMessages":[],"meta":{}}],"startTime":1756121905268,"endTime":1756121905401.025,"status":"passed","message":"","name":"C:/github/lifestyle-spaces/frontend/src/config/config.undefined.test.ts"},{"assertionResults":[{"ancestorTitles":["Config Validation Error Cases"],"fullName":"Config Validation Error Cases should throw error when configuration is invalid - covering lines 67-71","status":"passed","title":"should throw error when configuration is invalid - covering lines 67-71","duration":3.6907999999998538,"failureMessages":[],"meta":{}},{"ancestorTitles":["Config Validation Error Cases"],"fullName":"Config Validation Error Cases should throw error with \"undefined\" when API URL is empty - covering line 67 branch","status":"passed","title":"should throw error with \"undefined\" when API URL is empty - covering line 67 branch","duration":7.7526000000000295,"failureMessages":[],"meta":{}}],"startTime":1756121905436,"endTime":1756121905446.7527,"status":"passed","message":"","name":"C:/github/lifestyle-spaces/frontend/src/config/config.validation.test.ts"},{"assertionResults":[{"ancestorTitles":["SpaceDetail"],"fullName":"SpaceDetail loads space data on mount","status":"passed","title":"loads space data on mount","duration":62.09600000000023,"failureMessages":[],"meta":{}},{"ancestorTitles":["SpaceDetail"],"fullName":"SpaceDetail renders space information","status":"passed","title":"renders space information","duration":95.50590000000011,"failureMessages":[],"meta":{}},{"ancestorTitles":["SpaceDetail"],"fullName":"SpaceDetail shows loading state","status":"passed","title":"shows loading state","duration":9.407199999999648,"failureMessages":[],"meta":{}},{"ancestorTitles":["SpaceDetail"],"fullName":"SpaceDetail shows error state","status":"passed","title":"shows error state","duration":9.035400000000209,"failureMessages":[],"meta":{}},{"ancestorTitles":["SpaceDetail"],"fullName":"SpaceDetail shows space not found state","status":"passed","title":"shows space not found state","duration":5.083399999999983,"failureMessages":[],"meta":{}},{"ancestorTitles":["SpaceDetail"],"fullName":"SpaceDetail navigates back to dashboard","status":"passed","title":"navigates back to dashboard","duration":9.020799999999781,"failureMessages":[],"meta":{}},{"ancestorTitles":["SpaceDetail"],"fullName":"SpaceDetail renders members list","status":"passed","title":"renders members list","duration":16.69439999999986,"failureMessages":[],"meta":{}},{"ancestorTitles":["SpaceDetail"],"fullName":"SpaceDetail opens invite modal when invite button is clicked","status":"passed","title":"opens invite modal when invite button is clicked","duration":14.73299999999972,"failureMessages":[],"meta":{}},{"ancestorTitles":["SpaceDetail"],"fullName":"SpaceDetail closes invite modal","status":"passed","title":"closes invite modal","duration":17.00480000000016,"failureMessages":[],"meta":{}},{"ancestorTitles":["SpaceDetail"],"fullName":"SpaceDetail shows space settings button for owners","status":"passed","title":"shows space settings button for owners","duration":15.914200000000164,"failureMessages":[],"meta":{}},{"ancestorTitles":["SpaceDetail"],"fullName":"SpaceDetail does not show space settings button for non-owners","status":"passed","title":"does not show space settings button for non-owners","duration":16.89949999999999,"failureMessages":[],"meta":{}},{"ancestorTitles":["SpaceDetail"],"fullName":"SpaceDetail shows space visibility correctly","status":"passed","title":"shows space visibility correctly","duration":9.128400000000056,"failureMessages":[],"meta":{}},{"ancestorTitles":["SpaceDetail"],"fullName":"SpaceDetail shows public space visibility correctly","status":"passed","title":"shows public space visibility correctly","duration":5.336099999999988,"failureMessages":[],"meta":{}},{"ancestorTitles":["SpaceDetail"],"fullName":"SpaceDetail shows space creation and update dates","status":"passed","title":"shows space creation and update dates","duration":8.539800000000014,"failureMessages":[],"meta":{}},{"ancestorTitles":["SpaceDetail"],"fullName":"SpaceDetail shows breadcrumb navigation","status":"passed","title":"shows breadcrumb navigation","duration":13.769700000000284,"failureMessages":[],"meta":{}},{"ancestorTitles":["SpaceDetail"],"fullName":"SpaceDetail handles breadcrumb navigation","status":"passed","title":"handles breadcrumb navigation","duration":11.853100000000268,"failureMessages":[],"meta":{}},{"ancestorTitles":["SpaceDetail"],"fullName":"SpaceDetail shows space actions menu","status":"passed","title":"shows space actions menu","duration":12.837500000000091,"failureMessages":[],"meta":{}},{"ancestorTitles":["SpaceDetail"],"fullName":"SpaceDetail copies space link to clipboard","status":"passed","title":"copies space link to clipboard","duration":16.709299999999985,"failureMessages":[],"meta":{}},{"ancestorTitles":["SpaceDetail"],"fullName":"SpaceDetail shows tab navigation","status":"passed","title":"shows tab navigation","duration":22.23849999999993,"failureMessages":[],"meta":{}},{"ancestorTitles":["SpaceDetail"],"fullName":"SpaceDetail switches between tabs","status":"passed","title":"switches between tabs","duration":19.2820999999999,"failureMessages":[],"meta":{}},{"ancestorTitles":["SpaceDetail"],"fullName":"SpaceDetail handles keyboard navigation in tabs","status":"passed","title":"handles keyboard navigation in tabs","duration":23.509099999999762,"failureMessages":[],"meta":{}},{"ancestorTitles":["SpaceDetail"],"fullName":"SpaceDetail has proper accessibility attributes","status":"passed","title":"has proper accessibility attributes","duration":21.79989999999998,"failureMessages":[],"meta":{}},{"ancestorTitles":["SpaceDetail"],"fullName":"SpaceDetail handles space parameter changes","status":"passed","title":"handles space parameter changes","duration":9.998000000000047,"failureMessages":[],"meta":{}},{"ancestorTitles":["SpaceDetail"],"fullName":"SpaceDetail clears errors on mount","status":"passed","title":"clears errors on mount","duration":4.119799999999941,"failureMessages":[],"meta":{}}],"startTime":1756121905490,"endTime":1756121905941.1199,"status":"passed","message":"","name":"C:/github/lifestyle-spaces/frontend/src/pages/SpaceDetail.test.tsx"},{"assertionResults":[{"ancestorTitles":["ApiService","createApiService"],"fullName":"ApiService createApiService should create API service with configured base URL","status":"passed","title":"should create API service with configured base URL","duration":3.461899999999787,"failureMessages":[],"meta":{}},{"ancestorTitles":["ApiService","createApiService"],"fullName":"ApiService createApiService should create API service with localhost for development","status":"passed","title":"should create API service with localhost for development","duration":0.9021999999999935,"failureMessages":[],"meta":{}},{"ancestorTitles":["ApiService","get"],"fullName":"ApiService get should make GET request with correct URL and headers","status":"passed","title":"should make GET request with correct URL and headers","duration":3.5950000000002547,"failureMessages":[],"meta":{}},{"ancestorTitles":["ApiService","get"],"fullName":"ApiService get should handle endpoint with leading slash","status":"passed","title":"should handle endpoint with leading slash","duration":2.270599999999831,"failureMessages":[],"meta":{}},{"ancestorTitles":["ApiService","get"],"fullName":"ApiService get should handle endpoint without leading slash","status":"passed","title":"should handle endpoint without leading slash","duration":1.3236000000001695,"failureMessages":[],"meta":{}},{"ancestorTitles":["ApiService","get"],"fullName":"ApiService get should throw error when response is not ok","status":"passed","title":"should throw error when response is not ok","duration":2.377100000000155,"failureMessages":[],"meta":{}},{"ancestorTitles":["ApiService","get"],"fullName":"ApiService get should throw error when network request fails","status":"passed","title":"should throw error when network request fails","duration":0.9960000000000946,"failureMessages":[],"meta":{}},{"ancestorTitles":["ApiService","post"],"fullName":"ApiService post should make POST request with data and correct headers","status":"passed","title":"should make POST request with data and correct headers","duration":0.933100000000195,"failureMessages":[],"meta":{}},{"ancestorTitles":["ApiService","post"],"fullName":"ApiService post should make POST request without body when data is undefined","status":"passed","title":"should make POST request without body when data is undefined","duration":0.9218999999998232,"failureMessages":[],"meta":{}},{"ancestorTitles":["ApiService","put"],"fullName":"ApiService put should make PUT request with data","status":"passed","title":"should make PUT request with data","duration":0.8533999999999651,"failureMessages":[],"meta":{}},{"ancestorTitles":["ApiService","delete"],"fullName":"ApiService delete should make DELETE request","status":"passed","title":"should make DELETE request","duration":0.7672999999999774,"failureMessages":[],"meta":{}},{"ancestorTitles":["ApiService","health check"],"fullName":"ApiService health check should perform health check on /health endpoint","status":"passed","title":"should perform health check on /health endpoint","duration":0.8020999999998821,"failureMessages":[],"meta":{}}],"startTime":1756121905657,"endTime":1756121905676.802,"status":"passed","message":"","name":"C:/github/lifestyle-spaces/frontend/src/services/api.test.ts"},{"assertionResults":[{"ancestorTitles":["Authentication Service","configureAmplify"],"fullName":"Authentication Service configureAmplify should configure Amplify with correct parameters","status":"passed","title":"should configure Amplify with correct parameters","duration":3.3928000000000793,"failureMessages":[],"meta":{}},{"ancestorTitles":["Authentication Service","signUp"],"fullName":"Authentication Service signUp should successfully sign up a new user","status":"passed","title":"should successfully sign up a new user","duration":0.7144000000000688,"failureMessages":[],"meta":{}},{"ancestorTitles":["Authentication Service","signUp"],"fullName":"Authentication Service signUp should handle sign up errors","status":"passed","title":"should handle sign up errors","duration":1.4336000000000695,"failureMessages":[],"meta":{}},{"ancestorTitles":["Authentication Service","signUp"],"fullName":"Authentication Service signUp should validate required fields","status":"passed","title":"should validate required fields","duration":0.27870000000007167,"failureMessages":[],"meta":{}},{"ancestorTitles":["Authentication Service","signUp"],"fullName":"Authentication Service signUp should validate email format","status":"passed","title":"should validate email format","duration":0.21899999999982356,"failureMessages":[],"meta":{}},{"ancestorTitles":["Authentication Service","signUp"],"fullName":"Authentication Service signUp should validate password strength","status":"passed","title":"should validate password strength","duration":0.23530000000005202,"failureMessages":[],"meta":{}},{"ancestorTitles":["Authentication Service","signIn"],"fullName":"Authentication Service signIn should successfully sign in a user","status":"passed","title":"should successfully sign in a user","duration":0.9553000000000793,"failureMessages":[],"meta":{}},{"ancestorTitles":["Authentication Service","signIn"],"fullName":"Authentication Service signIn should handle sign in errors","status":"passed","title":"should handle sign in errors","duration":0.3400000000001455,"failureMessages":[],"meta":{}},{"ancestorTitles":["Authentication Service","signIn"],"fullName":"Authentication Service signIn should validate required fields","status":"passed","title":"should validate required fields","duration":0.2155999999999949,"failureMessages":[],"meta":{}},{"ancestorTitles":["Authentication Service","signOut"],"fullName":"Authentication Service signOut should successfully sign out a user","status":"passed","title":"should successfully sign out a user","duration":0.21900000000005093,"failureMessages":[],"meta":{}},{"ancestorTitles":["Authentication Service","signOut"],"fullName":"Authentication Service signOut should handle sign out errors","status":"passed","title":"should handle sign out errors","duration":0.264699999999948,"failureMessages":[],"meta":{}},{"ancestorTitles":["Authentication Service","getCurrentUser"],"fullName":"Authentication Service getCurrentUser should return current authenticated user","status":"passed","title":"should return current authenticated user","duration":0.27899999999999636,"failureMessages":[],"meta":{}},{"ancestorTitles":["Authentication Service","getCurrentUser"],"fullName":"Authentication Service getCurrentUser should return null if no user is authenticated","status":"passed","title":"should return null if no user is authenticated","duration":0.16869999999994434,"failureMessages":[],"meta":{}},{"ancestorTitles":["Authentication Service","refreshToken"],"fullName":"Authentication Service refreshToken should successfully refresh tokens","status":"passed","title":"should successfully refresh tokens","duration":0.2497000000000753,"failureMessages":[],"meta":{}},{"ancestorTitles":["Authentication Service","refreshToken"],"fullName":"Authentication Service refreshToken should handle refresh token errors","status":"passed","title":"should handle refresh token errors","duration":0.24469999999996617,"failureMessages":[],"meta":{}}],"startTime":1756121905465,"endTime":1756121905474.279,"status":"passed","message":"","name":"C:/github/lifestyle-spaces/frontend/src/services/auth.test.ts"},{"assertionResults":[{"ancestorTitles":["Spaces Service","createSpace"],"fullName":"Spaces Service createSpace should successfully create a new space","status":"passed","title":"should successfully create a new space","duration":3.719699999999875,"failureMessages":[],"meta":{}},{"ancestorTitles":["Spaces Service","createSpace"],"fullName":"Spaces Service createSpace should handle create space errors","status":"passed","title":"should handle create space errors","duration":1.562099999999873,"failureMessages":[],"meta":{}},{"ancestorTitles":["Spaces Service","createSpace"],"fullName":"Spaces Service createSpace should validate required fields","status":"passed","title":"should validate required fields","duration":0.3164999999999054,"failureMessages":[],"meta":{}},{"ancestorTitles":["Spaces Service","createSpace"],"fullName":"Spaces Service createSpace should validate name length","status":"passed","title":"should validate name length","duration":0.28749999999990905,"failureMessages":[],"meta":{}},{"ancestorTitles":["Spaces Service","createSpace"],"fullName":"Spaces Service createSpace should validate description length","status":"passed","title":"should validate description length","duration":0.26670000000012806,"failureMessages":[],"meta":{}},{"ancestorTitles":["Spaces Service","listSpaces"],"fullName":"Spaces Service listSpaces should successfully list user spaces","status":"passed","title":"should successfully list user spaces","duration":0.4389000000001033,"failureMessages":[],"meta":{}},{"ancestorTitles":["Spaces Service","listSpaces"],"fullName":"Spaces Service listSpaces should list spaces with filters","status":"passed","title":"should list spaces with filters","duration":0.39630000000011023,"failureMessages":[],"meta":{}},{"ancestorTitles":["Spaces Service","listSpaces"],"fullName":"Spaces Service listSpaces should list spaces with pagination","status":"passed","title":"should list spaces with pagination","duration":0.5156000000001768,"failureMessages":[],"meta":{}},{"ancestorTitles":["Spaces Service","listSpaces"],"fullName":"Spaces Service listSpaces should handle list spaces errors","status":"passed","title":"should handle list spaces errors","duration":0.2800999999999476,"failureMessages":[],"meta":{}},{"ancestorTitles":["Spaces Service","getSpace"],"fullName":"Spaces Service getSpace should successfully get a space by ID","status":"passed","title":"should successfully get a space by ID","duration":0.280100000000175,"failureMessages":[],"meta":{}},{"ancestorTitles":["Spaces Service","getSpace"],"fullName":"Spaces Service getSpace should handle get space errors","status":"passed","title":"should handle get space errors","duration":0.3446999999998752,"failureMessages":[],"meta":{}},{"ancestorTitles":["Spaces Service","getSpace"],"fullName":"Spaces Service getSpace should validate space ID","status":"passed","title":"should validate space ID","duration":0.23949999999990723,"failureMessages":[],"meta":{}},{"ancestorTitles":["Spaces Service","inviteMember"],"fullName":"Spaces Service inviteMember should successfully invite a member to a space","status":"passed","title":"should successfully invite a member to a space","duration":0.4941000000001168,"failureMessages":[],"meta":{}},{"ancestorTitles":["Spaces Service","inviteMember"],"fullName":"Spaces Service inviteMember should handle invite member errors","status":"passed","title":"should handle invite member errors","duration":0.332300000000032,"failureMessages":[],"meta":{}},{"ancestorTitles":["Spaces Service","inviteMember"],"fullName":"Spaces Service inviteMember should validate required fields","status":"passed","title":"should validate required fields","duration":0.2477000000001226,"failureMessages":[],"meta":{}},{"ancestorTitles":["Spaces Service","inviteMember"],"fullName":"Spaces Service inviteMember should validate email format","status":"passed","title":"should validate email format","duration":0.26320000000009713,"failureMessages":[],"meta":{}},{"ancestorTitles":["Spaces Service","inviteMember"],"fullName":"Spaces Service inviteMember should validate role if provided","status":"passed","title":"should validate role if provided","duration":0.2400000000000091,"failureMessages":[],"meta":{}},{"ancestorTitles":["Spaces Service","acceptInvitation"],"fullName":"Spaces Service acceptInvitation should successfully accept an invitation","status":"passed","title":"should successfully accept an invitation","duration":0.32979999999997744,"failureMessages":[],"meta":{}},{"ancestorTitles":["Spaces Service","acceptInvitation"],"fullName":"Spaces Service acceptInvitation should handle accept invitation errors","status":"passed","title":"should handle accept invitation errors","duration":0.26289999999994507,"failureMessages":[],"meta":{}},{"ancestorTitles":["Spaces Service","acceptInvitation"],"fullName":"Spaces Service acceptInvitation should validate invitation ID","status":"passed","title":"should validate invitation ID","duration":0.22339999999985594,"failureMessages":[],"meta":{}}],"startTime":1756121905465,"endTime":1756121905476.3298,"status":"passed","message":"","name":"C:/github/lifestyle-spaces/frontend/src/services/spaces.test.ts"},{"assertionResults":[{"ancestorTitles":["AuthStore","Initial State"],"fullName":"AuthStore Initial State should have initial state with no user","status":"passed","title":"should have initial state with no user","duration":23.93209999999999,"failureMessages":[],"meta":{}},{"ancestorTitles":["AuthStore","Sign Up"],"fullName":"AuthStore Sign Up should successfully sign up a user","status":"passed","title":"should successfully sign up a user","duration":8.899199999999837,"failureMessages":[],"meta":{}},{"ancestorTitles":["AuthStore","Sign Up"],"fullName":"AuthStore Sign Up should handle sign up errors","status":"passed","title":"should handle sign up errors","duration":4.12729999999965,"failureMessages":[],"meta":{}},{"ancestorTitles":["AuthStore","Sign In"],"fullName":"AuthStore Sign In should successfully sign in a user","status":"passed","title":"should successfully sign in a user","duration":25.77449999999999,"failureMessages":[],"meta":{}},{"ancestorTitles":["AuthStore","Sign In"],"fullName":"AuthStore Sign In should handle sign in errors","status":"passed","title":"should handle sign in errors","duration":14.147699999999986,"failureMessages":[],"meta":{}},{"ancestorTitles":["AuthStore","Sign In"],"fullName":"AuthStore Sign In should set loading state during sign in","status":"passed","title":"should set loading state during sign in","duration":14.976200000000063,"failureMessages":[],"meta":{}},{"ancestorTitles":["AuthStore","Sign Out"],"fullName":"AuthStore Sign Out should successfully sign out a user","status":"passed","title":"should successfully sign out a user","duration":5.51070000000027,"failureMessages":[],"meta":{}},{"ancestorTitles":["AuthStore","Sign Out"],"fullName":"AuthStore Sign Out should handle sign out errors","status":"passed","title":"should handle sign out errors","duration":10.21349999999984,"failureMessages":[],"meta":{}},{"ancestorTitles":["AuthStore","Check Authentication"],"fullName":"AuthStore Check Authentication should check for existing authentication on mount","status":"passed","title":"should check for existing authentication on mount","duration":14.256099999999606,"failureMessages":[],"meta":{}},{"ancestorTitles":["AuthStore","Check Authentication"],"fullName":"AuthStore Check Authentication should handle no existing authentication","status":"passed","title":"should handle no existing authentication","duration":15.32049999999981,"failureMessages":[],"meta":{}},{"ancestorTitles":["AuthStore","Error Handling"],"fullName":"AuthStore Error Handling should clear error when signing in after an error","status":"passed","title":"should clear error when signing in after an error","duration":17.826700000000073,"failureMessages":[],"meta":{}},{"ancestorTitles":["AuthStore","Error Handling"],"fullName":"AuthStore Error Handling should provide clearError function","status":"passed","title":"should provide clearError function","duration":12.574500000000171,"failureMessages":[],"meta":{}}],"startTime":1756121905535,"endTime":1756121905703.5745,"status":"passed","message":"","name":"C:/github/lifestyle-spaces/frontend/src/stores/authStore.test.tsx"},{"assertionResults":[{"ancestorTitles":["SpaceStore","Initial State"],"fullName":"SpaceStore Initial State should have initial state with empty arrays","status":"passed","title":"should have initial state with empty arrays","duration":20.052799999999934,"failureMessages":[],"meta":{}},{"ancestorTitles":["SpaceStore","Create Space"],"fullName":"SpaceStore Create Space should successfully create a new space","status":"passed","title":"should successfully create a new space","duration":6.8275000000001,"failureMessages":[],"meta":{}},{"ancestorTitles":["SpaceStore","Create Space"],"fullName":"SpaceStore Create Space should handle create space errors","status":"passed","title":"should handle create space errors","duration":4.411399999999958,"failureMessages":[],"meta":{}},{"ancestorTitles":["SpaceStore","Load Spaces"],"fullName":"SpaceStore Load Spaces should successfully load spaces","status":"passed","title":"should successfully load spaces","duration":2.4057999999999993,"failureMessages":[],"meta":{}},{"ancestorTitles":["SpaceStore","Load Spaces"],"fullName":"SpaceStore Load Spaces should handle load spaces errors","status":"passed","title":"should handle load spaces errors","duration":1.9182000000000698,"failureMessages":[],"meta":{}},{"ancestorTitles":["SpaceStore","Load Spaces"],"fullName":"SpaceStore Load Spaces should set loading state during fetch","status":"passed","title":"should set loading state during fetch","duration":1.8153999999999542,"failureMessages":[],"meta":{}},{"ancestorTitles":["SpaceStore","Select Space"],"fullName":"SpaceStore Select Space should successfully select a space and load its members","status":"passed","title":"should successfully select a space and load its members","duration":1.973799999999983,"failureMessages":[],"meta":{}},{"ancestorTitles":["SpaceStore","Select Space"],"fullName":"SpaceStore Select Space should handle select space errors","status":"passed","title":"should handle select space errors","duration":1.615000000000009,"failureMessages":[],"meta":{}},{"ancestorTitles":["SpaceStore","Invite Member"],"fullName":"SpaceStore Invite Member should successfully invite a member","status":"passed","title":"should successfully invite a member","duration":10.040099999999939,"failureMessages":[],"meta":{}},{"ancestorTitles":["SpaceStore","Invite Member"],"fullName":"SpaceStore Invite Member should handle invite member errors","status":"passed","title":"should handle invite member errors","duration":2.131900000000087,"failureMessages":[],"meta":{}},{"ancestorTitles":["SpaceStore","Accept Invitation"],"fullName":"SpaceStore Accept Invitation should successfully accept an invitation","status":"passed","title":"should successfully accept an invitation","duration":2.0303999999998723,"failureMessages":[],"meta":{}},{"ancestorTitles":["SpaceStore","Accept Invitation"],"fullName":"SpaceStore Accept Invitation should handle accept invitation errors","status":"passed","title":"should handle accept invitation errors","duration":1.8313000000000557,"failureMessages":[],"meta":{}},{"ancestorTitles":["SpaceStore","Error Handling"],"fullName":"SpaceStore Error Handling should provide clearError function","status":"passed","title":"should provide clearError function","duration":1.5734999999999673,"failureMessages":[],"meta":{}},{"ancestorTitles":["SpaceStore","Error Handling"],"fullName":"SpaceStore Error Handling should clear error when performing successful operations","status":"passed","title":"should clear error when performing successful operations","duration":1.7239000000001852,"failureMessages":[],"meta":{}}],"startTime":1756121905465,"endTime":1756121905525.7239,"status":"passed","message":"","name":"C:/github/lifestyle-spaces/frontend/src/stores/spaceStore.test.tsx"},{"assertionResults":[{"ancestorTitles":["AuthLayout"],"fullName":"AuthLayout should render children content","status":"passed","title":"should render children content","duration":25.916300000000092,"failureMessages":[],"meta":{}},{"ancestorTitles":["AuthLayout"],"fullName":"AuthLayout should render the application logo/title","status":"passed","title":"should render the application logo/title","duration":91.89659999999981,"failureMessages":[],"meta":{}},{"ancestorTitles":["AuthLayout"],"fullName":"AuthLayout should have proper semantic structure","status":"passed","title":"should have proper semantic structure","duration":10.944600000000264,"failureMessages":[],"meta":{}},{"ancestorTitles":["AuthLayout"],"fullName":"AuthLayout should be responsive and accessible","status":"passed","title":"should be responsive and accessible","duration":3.4387000000001535,"failureMessages":[],"meta":{}}],"startTime":1756121905473,"endTime":1756121905605.4387,"status":"passed","message":"","name":"C:/github/lifestyle-spaces/frontend/src/components/auth/AuthLayout.test.tsx"},{"assertionResults":[{"ancestorTitles":["SignInForm"],"fullName":"SignInForm should render all form fields","status":"passed","title":"should render all form fields","duration":123.69800000000009,"failureMessages":[],"meta":{}},{"ancestorTitles":["SignInForm"],"fullName":"SignInForm should render switch to sign up link","status":"passed","title":"should render switch to sign up link","duration":9.72479999999996,"failureMessages":[],"meta":{}},{"ancestorTitles":["SignInForm"],"fullName":"SignInForm should display loading state","status":"passed","title":"should display loading state","duration":21.446500000000015,"failureMessages":[],"meta":{}},{"ancestorTitles":["SignInForm"],"fullName":"SignInForm should display error message","status":"passed","title":"should display error message","duration":11.31919999999991,"failureMessages":[],"meta":{}},{"ancestorTitles":["SignInForm"],"fullName":"SignInForm should submit form with valid data","status":"passed","title":"should submit form with valid data","duration":664.7269000000001,"failureMessages":[],"meta":{}},{"ancestorTitles":["SignInForm"],"fullName":"SignInForm should validate required fields","status":"passed","title":"should validate required fields","duration":45.91210000000001,"failureMessages":[],"meta":{}},{"ancestorTitles":["SignInForm"],"fullName":"SignInForm should validate email format","status":"passed","title":"should validate email format","duration":558.2107000000001,"failureMessages":[],"meta":{}},{"ancestorTitles":["SignInForm"],"fullName":"SignInForm should handle switch to sign up","status":"passed","title":"should handle switch to sign up","duration":61.43089999999984,"failureMessages":[],"meta":{}},{"ancestorTitles":["SignInForm"],"fullName":"SignInForm should prevent form submission when loading","status":"passed","title":"should prevent form submission when loading","duration":45.68359999999984,"failureMessages":[],"meta":{}},{"ancestorTitles":["SignInForm"],"fullName":"SignInForm should clear form fields after successful submission","status":"passed","title":"should clear form fields after successful submission","duration":587.8663999999999,"failureMessages":[],"meta":{}},{"ancestorTitles":["SignInForm"],"fullName":"SignInForm should have proper accessibility attributes","status":"passed","title":"should have proper accessibility attributes","duration":6.671999999999571,"failureMessages":[],"meta":{}},{"ancestorTitles":["SignInForm"],"fullName":"SignInForm should associate error messages with form fields","status":"passed","title":"should associate error messages with form fields","duration":54.85499999999956,"failureMessages":[],"meta":{}},{"ancestorTitles":["SignInForm"],"fullName":"SignInForm should support keyboard navigation","status":"passed","title":"should support keyboard navigation","duration":63.48349999999937,"failureMessages":[],"meta":{}},{"ancestorTitles":["SignInForm"],"fullName":"SignInForm should handle Enter key to submit form","status":"passed","title":"should handle Enter key to submit form","duration":575.2520000000004,"failureMessages":[],"meta":{}},{"ancestorTitles":["SignInForm"],"fullName":"SignInForm should show remember me checkbox","status":"passed","title":"should show remember me checkbox","duration":3.990600000000086,"failureMessages":[],"meta":{}},{"ancestorTitles":["SignInForm"],"fullName":"SignInForm should include remember me in form submission","status":"passed","title":"should include remember me in form submission","duration":587.3197,"failureMessages":[],"meta":{}}],"startTime":1756121905480,"endTime":1756121908902.3196,"status":"passed","message":"","name":"C:/github/lifestyle-spaces/frontend/src/components/auth/SignInForm.test.tsx"},{"assertionResults":[{"ancestorTitles":["SignUpForm"],"fullName":"SignUpForm should render all form fields","status":"passed","title":"should render all form fields","duration":131.13599999999974,"failureMessages":[],"meta":{}},{"ancestorTitles":["SignUpForm"],"fullName":"SignUpForm should render switch to sign in link","status":"passed","title":"should render switch to sign in link","duration":12.66359999999986,"failureMessages":[],"meta":{}},{"ancestorTitles":["SignUpForm"],"fullName":"SignUpForm should display loading state","status":"passed","title":"should display loading state","duration":27.409700000000157,"failureMessages":[],"meta":{}},{"ancestorTitles":["SignUpForm"],"fullName":"SignUpForm should display error message","status":"passed","title":"should display error message","duration":15.550499999999829,"failureMessages":[],"meta":{}},{"ancestorTitles":["SignUpForm"],"fullName":"SignUpForm should submit form with valid data","status":"passed","title":"should submit form with valid data","duration":1252.0153,"failureMessages":[],"meta":{}},{"ancestorTitles":["SignUpForm"],"fullName":"SignUpForm should validate required fields","status":"passed","title":"should validate required fields","duration":61.22499999999991,"failureMessages":[],"meta":{}},{"ancestorTitles":["SignUpForm"],"fullName":"SignUpForm should validate email format","status":"passed","title":"should validate email format","duration":944.8464000000004,"failureMessages":[],"meta":{}},{"ancestorTitles":["SignUpForm"],"fullName":"SignUpForm should validate password strength","status":"passed","title":"should validate password strength","duration":777.2583000000004,"failureMessages":[],"meta":{}},{"ancestorTitles":["SignUpForm"],"fullName":"SignUpForm should validate username length","status":"passed","title":"should validate username length","duration":856.7096000000001,"failureMessages":[],"meta":{}},{"ancestorTitles":["SignUpForm"],"fullName":"SignUpForm should handle switch to sign in","status":"passed","title":"should handle switch to sign in","duration":46.16980000000058,"failureMessages":[],"meta":{}},{"ancestorTitles":["SignUpForm"],"fullName":"SignUpForm should prevent form submission when loading","status":"passed","title":"should prevent form submission when loading","duration":61.63929999999982,"failureMessages":[],"meta":{}},{"ancestorTitles":["SignUpForm"],"fullName":"SignUpForm should clear form fields after successful submission","status":"passed","title":"should clear form fields after successful submission","duration":1219.0647,"failureMessages":[],"meta":{}},{"ancestorTitles":["SignUpForm"],"fullName":"SignUpForm should have proper accessibility attributes","status":"passed","title":"should have proper accessibility attributes","duration":7.862300000000687,"failureMessages":[],"meta":{}},{"ancestorTitles":["SignUpForm"],"fullName":"SignUpForm should associate error messages with form fields","status":"passed","title":"should associate error messages with form fields","duration":64.68080000000009,"failureMessages":[],"meta":{}}],"startTime":1756121905477,"endTime":1756121910954.681,"status":"passed","message":"","name":"C:/github/lifestyle-spaces/frontend/src/components/auth/SignUpForm.test.tsx"},{"assertionResults":[{"ancestorTitles":["CreateSpaceModal"],"fullName":"CreateSpaceModal renders modal when open","status":"passed","title":"renders modal when open","duration":135.6093000000003,"failureMessages":[],"meta":{}},{"ancestorTitles":["CreateSpaceModal"],"fullName":"CreateSpaceModal does not render modal when closed","status":"passed","title":"does not render modal when closed","duration":3.283599999999751,"failureMessages":[],"meta":{}},{"ancestorTitles":["CreateSpaceModal"],"fullName":"CreateSpaceModal closes modal when cancel button is clicked","status":"passed","title":"closes modal when cancel button is clicked","duration":14.91319999999996,"failureMessages":[],"meta":{}},{"ancestorTitles":["CreateSpaceModal"],"fullName":"CreateSpaceModal closes modal when clicking outside","status":"passed","title":"closes modal when clicking outside","duration":9.235200000000077,"failureMessages":[],"meta":{}},{"ancestorTitles":["CreateSpaceModal"],"fullName":"CreateSpaceModal closes modal when pressing escape key","status":"passed","title":"closes modal when pressing escape key","duration":9.067000000000007,"failureMessages":[],"meta":{}},{"ancestorTitles":["CreateSpaceModal"],"fullName":"CreateSpaceModal validates required fields","status":"passed","title":"validates required fields","duration":21.26870000000008,"failureMessages":[],"meta":{}},{"ancestorTitles":["CreateSpaceModal"],"fullName":"CreateSpaceModal validates space name length","status":"passed","title":"validates space name length","duration":23.128899999999703,"failureMessages":[],"meta":{}},{"ancestorTitles":["CreateSpaceModal"],"fullName":"CreateSpaceModal validates description length","status":"passed","title":"validates description length","duration":25.991399999999885,"failureMessages":[],"meta":{}},{"ancestorTitles":["CreateSpaceModal"],"fullName":"CreateSpaceModal creates space with valid data","status":"passed","title":"creates space with valid data","duration":93.14279999999962,"failureMessages":[],"meta":{}},{"ancestorTitles":["CreateSpaceModal"],"fullName":"CreateSpaceModal handles create space error","status":"passed","title":"handles create space error","duration":31.59920000000011,"failureMessages":[],"meta":{}},{"ancestorTitles":["CreateSpaceModal"],"fullName":"CreateSpaceModal disables form during submission","status":"passed","title":"disables form during submission","duration":13.120300000000043,"failureMessages":[],"meta":{}},{"ancestorTitles":["CreateSpaceModal"],"fullName":"CreateSpaceModal displays error message from store","status":"passed","title":"displays error message from store","duration":9.185899999999947,"failureMessages":[],"meta":{}},{"ancestorTitles":["CreateSpaceModal"],"fullName":"CreateSpaceModal clears error when modal opens","status":"passed","title":"clears error when modal opens","duration":8.348199999999906,"failureMessages":[],"meta":{}},{"ancestorTitles":["CreateSpaceModal"],"fullName":"CreateSpaceModal has proper accessibility attributes","status":"passed","title":"has proper accessibility attributes","duration":16.214100000000144,"failureMessages":[],"meta":{}},{"ancestorTitles":["CreateSpaceModal"],"fullName":"CreateSpaceModal focuses first input when modal opens","status":"passed","title":"focuses first input when modal opens","duration":16.05709999999999,"failureMessages":[],"meta":{}},{"ancestorTitles":["CreateSpaceModal"],"fullName":"CreateSpaceModal traps focus within modal","status":"passed","title":"traps focus within modal","duration":186.57289999999966,"failureMessages":[],"meta":{}},{"ancestorTitles":["CreateSpaceModal"],"fullName":"CreateSpaceModal resets form when modal is closed and reopened","status":"passed","title":"resets form when modal is closed and reopened","duration":9.860799999999927,"failureMessages":[],"meta":{}}],"startTime":1756121905506,"endTime":1756121906132.8608,"status":"passed","message":"","name":"C:/github/lifestyle-spaces/frontend/src/components/spaces/CreateSpaceModal.test.tsx"},{"assertionResults":[{"ancestorTitles":["InviteMemberModal"],"fullName":"InviteMemberModal renders modal when open","status":"passed","title":"renders modal when open","duration":138.54390000000012,"failureMessages":[],"meta":{}},{"ancestorTitles":["InviteMemberModal"],"fullName":"InviteMemberModal does not render modal when closed","status":"passed","title":"does not render modal when closed","duration":2.7105000000001382,"failureMessages":[],"meta":{}},{"ancestorTitles":["InviteMemberModal"],"fullName":"InviteMemberModal closes modal when cancel button is clicked","status":"passed","title":"closes modal when cancel button is clicked","duration":15.208200000000033,"failureMessages":[],"meta":{}},{"ancestorTitles":["InviteMemberModal"],"fullName":"InviteMemberModal closes modal when clicking outside","status":"passed","title":"closes modal when clicking outside","duration":9.253600000000006,"failureMessages":[],"meta":{}},{"ancestorTitles":["InviteMemberModal"],"fullName":"InviteMemberModal closes modal when pressing escape key","status":"passed","title":"closes modal when pressing escape key","duration":9.114300000000185,"failureMessages":[],"meta":{}},{"ancestorTitles":["InviteMemberModal"],"fullName":"InviteMemberModal validates required email field","status":"passed","title":"validates required email field","duration":25.98149999999987,"failureMessages":[],"meta":{}},{"ancestorTitles":["InviteMemberModal"],"fullName":"InviteMemberModal validates email format","status":"passed","title":"validates email format","duration":22.574899999999616,"failureMessages":[],"meta":{}},{"ancestorTitles":["InviteMemberModal"],"fullName":"InviteMemberModal sends invitation with valid data","status":"passed","title":"sends invitation with valid data","duration":91.35199999999986,"failureMessages":[],"meta":{}},{"ancestorTitles":["InviteMemberModal"],"fullName":"InviteMemberModal handles invitation error","status":"passed","title":"handles invitation error","duration":29.96849999999995,"failureMessages":[],"meta":{}},{"ancestorTitles":["InviteMemberModal"],"fullName":"InviteMemberModal disables form during submission","status":"passed","title":"disables form during submission","duration":38.982400000000325,"failureMessages":[],"meta":{}},{"ancestorTitles":["InviteMemberModal"],"fullName":"InviteMemberModal displays error message from store","status":"passed","title":"displays error message from store","duration":9.783300000000054,"failureMessages":[],"meta":{}},{"ancestorTitles":["InviteMemberModal"],"fullName":"InviteMemberModal clears error when modal opens","status":"passed","title":"clears error when modal opens","duration":6.04950000000008,"failureMessages":[],"meta":{}},{"ancestorTitles":["InviteMemberModal"],"fullName":"InviteMemberModal shows role options correctly","status":"passed","title":"shows role options correctly","duration":33.10289999999986,"failureMessages":[],"meta":{}},{"ancestorTitles":["InviteMemberModal"],"fullName":"InviteMemberModal sets default role to member","status":"passed","title":"sets default role to member","duration":5.131799999999657,"failureMessages":[],"meta":{}},{"ancestorTitles":["InviteMemberModal"],"fullName":"InviteMemberModal shows role descriptions","status":"passed","title":"shows role descriptions","duration":6.4749000000001615,"failureMessages":[],"meta":{}},{"ancestorTitles":["InviteMemberModal"],"fullName":"InviteMemberModal has proper accessibility attributes","status":"passed","title":"has proper accessibility attributes","duration":7.516799999999876,"failureMessages":[],"meta":{}},{"ancestorTitles":["InviteMemberModal"],"fullName":"InviteMemberModal focuses email input when modal opens","status":"passed","title":"focuses email input when modal opens","duration":80.36529999999993,"failureMessages":[],"meta":{}},{"ancestorTitles":["InviteMemberModal"],"fullName":"InviteMemberModal traps focus within modal","status":"passed","title":"traps focus within modal","duration":98.14529999999968,"failureMessages":[],"meta":{}},{"ancestorTitles":["InviteMemberModal"],"fullName":"InviteMemberModal resets form when modal is closed and reopened","status":"passed","title":"resets form when modal is closed and reopened","duration":11.678100000000086,"failureMessages":[],"meta":{}},{"ancestorTitles":["InviteMemberModal"],"fullName":"InviteMemberModal shows invitation preview","status":"passed","title":"shows invitation preview","duration":7.746200000000044,"failureMessages":[],"meta":{}},{"ancestorTitles":["InviteMemberModal"],"fullName":"InviteMemberModal validates email against existing members","status":"passed","title":"validates email against existing members","duration":11.800200000000132,"failureMessages":[],"meta":{}},{"ancestorTitles":["InviteMemberModal"],"fullName":"InviteMemberModal shows space visibility warning for public spaces","status":"passed","title":"shows space visibility warning for public spaces","duration":7.408100000000104,"failureMessages":[],"meta":{}},{"ancestorTitles":["InviteMemberModal"],"fullName":"InviteMemberModal handles multiple email invitations","status":"passed","title":"handles multiple email invitations","duration":7.6939000000002125,"failureMessages":[],"meta":{}}],"startTime":1756121905498,"endTime":1756121906174.6938,"status":"passed","message":"","name":"C:/github/lifestyle-spaces/frontend/src/components/spaces/InviteMemberModal.test.tsx"},{"assertionResults":[{"ancestorTitles":["MembersList"],"fullName":"MembersList renders list of members","status":"passed","title":"renders list of members","duration":57.35699999999997,"failureMessages":[],"meta":{}},{"ancestorTitles":["MembersList"],"fullName":"MembersList shows member roles correctly","status":"passed","title":"shows member roles correctly","duration":13.870600000000195,"failureMessages":[],"meta":{}},{"ancestorTitles":["MembersList"],"fullName":"MembersList shows member emails","status":"passed","title":"shows member emails","duration":10.440800000000309,"failureMessages":[],"meta":{}},{"ancestorTitles":["MembersList"],"fullName":"MembersList shows joined dates","status":"passed","title":"shows joined dates","duration":11.42930000000024,"failureMessages":[],"meta":{}},{"ancestorTitles":["MembersList"],"fullName":"MembersList shows loading state","status":"passed","title":"shows loading state","duration":80.95400000000018,"failureMessages":[],"meta":{}},{"ancestorTitles":["MembersList"],"fullName":"MembersList shows error state","status":"passed","title":"shows error state","duration":10.933700000000044,"failureMessages":[],"meta":{}},{"ancestorTitles":["MembersList"],"fullName":"MembersList shows empty state when no members","status":"passed","title":"shows empty state when no members","duration":3.314900000000307,"failureMessages":[],"meta":{}},{"ancestorTitles":["MembersList"],"fullName":"MembersList shows member count","status":"passed","title":"shows member count","duration":9.882599999999911,"failureMessages":[],"meta":{}},{"ancestorTitles":["MembersList"],"fullName":"MembersList shows singular member count","status":"passed","title":"shows singular member count","duration":4.567700000000059,"failureMessages":[],"meta":{}},{"ancestorTitles":["MembersList"],"fullName":"MembersList highlights current user","status":"passed","title":"highlights current user","duration":7.341600000000199,"failureMessages":[],"meta":{}},{"ancestorTitles":["MembersList"],"fullName":"MembersList shows role change dropdown for admins","status":"passed","title":"shows role change dropdown for admins","duration":15.346100000000206,"failureMessages":[],"meta":{}},{"ancestorTitles":["MembersList"],"fullName":"MembersList does not show role change for owner","status":"passed","title":"does not show role change for owner","duration":7.052300000000287,"failureMessages":[],"meta":{}},{"ancestorTitles":["MembersList"],"fullName":"MembersList shows remove member button for removable members","status":"passed","title":"shows remove member button for removable members","duration":13.413300000000163,"failureMessages":[],"meta":{}},{"ancestorTitles":["MembersList"],"fullName":"MembersList does not show remove button for owner","status":"passed","title":"does not show remove button for owner","duration":9.853599999999915,"failureMessages":[],"meta":{}},{"ancestorTitles":["MembersList"],"fullName":"MembersList shows invite button when user can invite","status":"passed","title":"shows invite button when user can invite","duration":10.940099999999802,"failureMessages":[],"meta":{}},{"ancestorTitles":["MembersList"],"fullName":"MembersList filters members by search query","status":"passed","title":"filters members by search query","duration":15.208500000000186,"failureMessages":[],"meta":{}},{"ancestorTitles":["MembersList"],"fullName":"MembersList filters members by role","status":"passed","title":"filters members by role","duration":17.498099999999795,"failureMessages":[],"meta":{}},{"ancestorTitles":["MembersList"],"fullName":"MembersList sorts members correctly","status":"passed","title":"sorts members correctly","duration":9.787000000000262,"failureMessages":[],"meta":{}},{"ancestorTitles":["MembersList"],"fullName":"MembersList shows member avatars when available","status":"passed","title":"shows member avatars when available","duration":34.359899999999925,"failureMessages":[],"meta":{}},{"ancestorTitles":["MembersList"],"fullName":"MembersList shows default avatar when no avatar available","status":"passed","title":"shows default avatar when no avatar available","duration":10.280199999999695,"failureMessages":[],"meta":{}},{"ancestorTitles":["MembersList"],"fullName":"MembersList shows member status (online/offline)","status":"passed","title":"shows member status (online/offline)","duration":11.207300000000032,"failureMessages":[],"meta":{}},{"ancestorTitles":["MembersList"],"fullName":"MembersList shows load more button when hasMore is true","status":"passed","title":"shows load more button when hasMore is true","duration":9.033899999999903,"failureMessages":[],"meta":{}},{"ancestorTitles":["MembersList"],"fullName":"MembersList has proper accessibility attributes","status":"passed","title":"has proper accessibility attributes","duration":22.561099999999897,"failureMessages":[],"meta":{}},{"ancestorTitles":["MembersList"],"fullName":"MembersList shows role badges with proper colors","status":"passed","title":"shows role badges with proper colors","duration":14.30540000000019,"failureMessages":[],"meta":{}},{"ancestorTitles":["MembersList"],"fullName":"MembersList handles member row clicks","status":"passed","title":"handles member row clicks","duration":6.7590000000000146,"failureMessages":[],"meta":{}},{"ancestorTitles":["MembersList"],"fullName":"MembersList shows different layouts (list vs grid)","status":"passed","title":"shows different layouts (list vs grid)","duration":6.9297999999998865,"failureMessages":[],"meta":{}},{"ancestorTitles":["MembersList"],"fullName":"MembersList shows pending invitations when provided","status":"passed","title":"shows pending invitations when provided","duration":6.958799999999883,"failureMessages":[],"meta":{}},{"ancestorTitles":["MembersList"],"fullName":"MembersList allows canceling pending invitations","status":"passed","title":"allows canceling pending invitations","duration":5.61449999999968,"failureMessages":[],"meta":{}}],"startTime":1756121905496,"endTime":1756121905933.6145,"status":"passed","message":"","name":"C:/github/lifestyle-spaces/frontend/src/components/spaces/MembersList.test.tsx"},{"assertionResults":[{"ancestorTitles":["SpaceCard"],"fullName":"SpaceCard renders space information correctly","status":"passed","title":"renders space information correctly","duration":42.85089999999991,"failureMessages":[],"meta":{}},{"ancestorTitles":["SpaceCard"],"fullName":"SpaceCard renders private space correctly","status":"passed","title":"renders private space correctly","duration":5.206499999999778,"failureMessages":[],"meta":{}},{"ancestorTitles":["SpaceCard"],"fullName":"SpaceCard renders singular member count correctly","status":"passed","title":"renders singular member count correctly","duration":4.970199999999977,"failureMessages":[],"meta":{}},{"ancestorTitles":["SpaceCard"],"fullName":"SpaceCard renders zero member count correctly","status":"passed","title":"renders zero member count correctly","duration":4.831300000000283,"failureMessages":[],"meta":{}},{"ancestorTitles":["SpaceCard"],"fullName":"SpaceCard truncates long descriptions","status":"passed","title":"truncates long descriptions","duration":4.5353000000000065,"failureMessages":[],"meta":{}},{"ancestorTitles":["SpaceCard"],"fullName":"SpaceCard handles empty description","status":"passed","title":"handles empty description","duration":4.321300000000065,"failureMessages":[],"meta":{}},{"ancestorTitles":["SpaceCard"],"fullName":"SpaceCard calls onClick when card is clicked","status":"passed","title":"calls onClick when card is clicked","duration":103.69039999999995,"failureMessages":[],"meta":{}},{"ancestorTitles":["SpaceCard"],"fullName":"SpaceCard calls onClick when Enter key is pressed","status":"passed","title":"calls onClick when Enter key is pressed","duration":14.986100000000079,"failureMessages":[],"meta":{}},{"ancestorTitles":["SpaceCard"],"fullName":"SpaceCard calls onClick when Space key is pressed","status":"passed","title":"calls onClick when Space key is pressed","duration":14.368800000000192,"failureMessages":[],"meta":{}},{"ancestorTitles":["SpaceCard"],"fullName":"SpaceCard does not call onClick for other keys","status":"passed","title":"does not call onClick for other keys","duration":11.465200000000095,"failureMessages":[],"meta":{}},{"ancestorTitles":["SpaceCard"],"fullName":"SpaceCard has proper accessibility attributes","status":"passed","title":"has proper accessibility attributes","duration":12.031300000000101,"failureMessages":[],"meta":{}},{"ancestorTitles":["SpaceCard"],"fullName":"SpaceCard displays formatted last activity date","status":"passed","title":"displays formatted last activity date","duration":4.189400000000205,"failureMessages":[],"meta":{}},{"ancestorTitles":["SpaceCard"],"fullName":"SpaceCard shows created date when no updates","status":"passed","title":"shows created date when no updates","duration":3.834600000000137,"failureMessages":[],"meta":{}},{"ancestorTitles":["SpaceCard"],"fullName":"SpaceCard applies hover effects on mouse enter and leave","status":"passed","title":"applies hover effects on mouse enter and leave","duration":17.848700000000008,"failureMessages":[],"meta":{}},{"ancestorTitles":["SpaceCard"],"fullName":"SpaceCard applies focus styles","status":"passed","title":"applies focus styles","duration":17.993199999999888,"failureMessages":[],"meta":{}},{"ancestorTitles":["SpaceCard"],"fullName":"SpaceCard shows loading state when specified","status":"passed","title":"shows loading state when specified","duration":10.17370000000028,"failureMessages":[],"meta":{}},{"ancestorTitles":["SpaceCard"],"fullName":"SpaceCard shows selected state when specified","status":"passed","title":"shows selected state when specified","duration":13.763400000000274,"failureMessages":[],"meta":{}},{"ancestorTitles":["SpaceCard"],"fullName":"SpaceCard renders with custom className","status":"passed","title":"renders with custom className","duration":9.01949999999988,"failureMessages":[],"meta":{}},{"ancestorTitles":["SpaceCard"],"fullName":"SpaceCard handles very long space names","status":"passed","title":"handles very long space names","duration":4.582499999999982,"failureMessages":[],"meta":{}},{"ancestorTitles":["SpaceCard"],"fullName":"SpaceCard shows public badge for public spaces","status":"passed","title":"shows public badge for public spaces","duration":4.00019999999995,"failureMessages":[],"meta":{}},{"ancestorTitles":["SpaceCard"],"fullName":"SpaceCard shows private badge for private spaces","status":"passed","title":"shows private badge for private spaces","duration":3.7993000000001302,"failureMessages":[],"meta":{}},{"ancestorTitles":["SpaceCard"],"fullName":"SpaceCard handles missing onClick prop gracefully","status":"passed","title":"handles missing onClick prop gracefully","duration":4.353499999999713,"failureMessages":[],"meta":{}},{"ancestorTitles":["SpaceCard"],"fullName":"SpaceCard prevents event propagation on card actions","status":"passed","title":"prevents event propagation on card actions","duration":11.33770000000004,"failureMessages":[],"meta":{}}],"startTime":1756121905499,"endTime":1756121905827.3376,"status":"passed","message":"","name":"C:/github/lifestyle-spaces/frontend/src/components/spaces/SpaceCard.test.tsx"},{"assertionResults":[{"ancestorTitles":["SpaceList"],"fullName":"SpaceList renders list of spaces","status":"passed","title":"renders list of spaces","duration":26.797600000000102,"failureMessages":[],"meta":{}},{"ancestorTitles":["SpaceList"],"fullName":"SpaceList shows loading state","status":"passed","title":"shows loading state","duration":91.22209999999973,"failureMessages":[],"meta":{}},{"ancestorTitles":["SpaceList"],"fullName":"SpaceList shows error state","status":"passed","title":"shows error state","duration":13.847400000000107,"failureMessages":[],"meta":{}},{"ancestorTitles":["SpaceList"],"fullName":"SpaceList shows empty state when no spaces","status":"passed","title":"shows empty state when no spaces","duration":4.123000000000047,"failureMessages":[],"meta":{}},{"ancestorTitles":["SpaceList"],"fullName":"SpaceList calls onSpaceClick when space is clicked","status":"passed","title":"calls onSpaceClick when space is clicked","duration":17.215000000000146,"failureMessages":[],"meta":{}},{"ancestorTitles":["SpaceList"],"fullName":"SpaceList renders spaces in grid layout by default","status":"passed","title":"renders spaces in grid layout by default","duration":4.090400000000045,"failureMessages":[],"meta":{}},{"ancestorTitles":["SpaceList"],"fullName":"SpaceList renders spaces in list layout when specified","status":"passed","title":"renders spaces in list layout when specified","duration":3.333599999999933,"failureMessages":[],"meta":{}},{"ancestorTitles":["SpaceList"],"fullName":"SpaceList applies custom className","status":"passed","title":"applies custom className","duration":3.4293000000002394,"failureMessages":[],"meta":{}},{"ancestorTitles":["SpaceList"],"fullName":"SpaceList shows retry button on error","status":"passed","title":"shows retry button on error","duration":4.015400000000227,"failureMessages":[],"meta":{}},{"ancestorTitles":["SpaceList"],"fullName":"SpaceList does not show retry button when onRetry is not provided","status":"passed","title":"does not show retry button when onRetry is not provided","duration":3.0172999999999774,"failureMessages":[],"meta":{}},{"ancestorTitles":["SpaceList"],"fullName":"SpaceList shows loading skeleton while loading","status":"passed","title":"shows loading skeleton while loading","duration":9.394200000000183,"failureMessages":[],"meta":{}},{"ancestorTitles":["SpaceList"],"fullName":"SpaceList shows custom skeleton count","status":"passed","title":"shows custom skeleton count","duration":5.169499999999971,"failureMessages":[],"meta":{}},{"ancestorTitles":["SpaceList"],"fullName":"SpaceList handles search functionality","status":"passed","title":"handles search functionality","duration":397.6124,"failureMessages":[],"meta":{}},{"ancestorTitles":["SpaceList"],"fullName":"SpaceList debounces search input","status":"passed","title":"debounces search input","duration":388.60289999999986,"failureMessages":[],"meta":{}},{"ancestorTitles":["SpaceList"],"fullName":"SpaceList clears search input","status":"passed","title":"clears search input","duration":402.701,"failureMessages":[],"meta":{}},{"ancestorTitles":["SpaceList"],"fullName":"SpaceList handles sort functionality","status":"passed","title":"handles sort functionality","duration":6.647299999999632,"failureMessages":[],"meta":{}},{"ancestorTitles":["SpaceList"],"fullName":"SpaceList shows load more button when hasMore is true","status":"passed","title":"shows load more button when hasMore is true","duration":2.004599999999755,"failureMessages":[],"meta":{}},{"ancestorTitles":["SpaceList"],"fullName":"SpaceList disables load more button when loading more","status":"passed","title":"disables load more button when loading more","duration":1.820600000000013,"failureMessages":[],"meta":{}},{"ancestorTitles":["SpaceList"],"fullName":"SpaceList shows selected space correctly","status":"passed","title":"shows selected space correctly","duration":1.3044999999997344,"failureMessages":[],"meta":{}},{"ancestorTitles":["SpaceList"],"fullName":"SpaceList handles keyboard navigation","status":"passed","title":"handles keyboard navigation","duration":3.8438999999998487,"failureMessages":[],"meta":{}},{"ancestorTitles":["SpaceList"],"fullName":"SpaceList has proper accessibility attributes","status":"passed","title":"has proper accessibility attributes","duration":1.5994000000000597,"failureMessages":[],"meta":{}},{"ancestorTitles":["SpaceList"],"fullName":"SpaceList announces loading state to screen readers","status":"passed","title":"announces loading state to screen readers","duration":3.4313999999999396,"failureMessages":[],"meta":{}},{"ancestorTitles":["SpaceList"],"fullName":"SpaceList announces error state to screen readers","status":"passed","title":"announces error state to screen readers","duration":5.300999999999931,"failureMessages":[],"meta":{}},{"ancestorTitles":["SpaceList"],"fullName":"SpaceList handles empty search results","status":"passed","title":"handles empty search results","duration":2.0713000000000648,"failureMessages":[],"meta":{}}],"startTime":1756121905494,"endTime":1756121906897.0713,"status":"passed","message":"","name":"C:/github/lifestyle-spaces/frontend/src/components/spaces/SpaceList.test.tsx"}],"coverageMap":{"C:\\github\\lifestyle-spaces\\frontend\\src\\App.tsx":{"path":"C:\\github\\lifestyle-spaces\\frontend\\src\\App.tsx","all":false,"statementMap":{"0":{"start":{"line":1,"column":0},"end":{"line":1,"column":26}},"1":{"start":{"line":2,"column":0},"end":{"line":2,"column":84}},"2":{"start":{"line":3,"column":0},"end":{"line":3,"column":50}},"3":{"start":{"line":4,"column":0},"end":{"line":4,"column":52}},"4":{"start":{"line":5,"column":0},"end":{"line":5,"column":61}},"5":{"start":{"line":6,"column":0},"end":{"line":6,"column":40}},"6":{"start":{"line":7,"column":0},"end":{"line":7,"column":40}},"7":{"start":{"line":8,"column":0},"end":{"line":8,"column":46}},"8":{"start":{"line":9,"column":0},"end":{"line":9,"column":19}},"10":{"start":{"line":11,"column":0},"end":{"line":11,"column":16}},"11":{"start":{"line":12,"column":0},"end":{"line":12,"column":10}},"12":{"start":{"line":13,"column":0},"end":{"line":13,"column":18}},"13":{"start":{"line":14,"column":0},"end":{"line":14,"column":21}},"14":{"start":{"line":15,"column":0},"end":{"line":15,"column":16}},"15":{"start":{"line":16,"column":0},"end":{"line":16,"column":31}},"16":{"start":{"line":17,"column":0},"end":{"line":17,"column":20}},"18":{"start":{"line":19,"column":0},"end":{"line":19,"column":59}},"19":{"start":{"line":20,"column":0},"end":{"line":20,"column":59}},"22":{"start":{"line":23,"column":0},"end":{"line":23,"column":20}},"23":{"start":{"line":24,"column":0},"end":{"line":24,"column":33}},"24":{"start":{"line":25,"column":0},"end":{"line":25,"column":25}},"25":{"start":{"line":26,"column":0},"end":{"line":26,"column":34}},"26":{"start":{"line":27,"column":0},"end":{"line":27,"column":33}},"27":{"start":{"line":28,"column":0},"end":{"line":28,"column":35}},"29":{"start":{"line":30,"column":0},"end":{"line":30,"column":16}},"32":{"start":{"line":33,"column":0},"end":{"line":33,"column":79}},"35":{"start":{"line":36,"column":0},"end":{"line":36,"column":79}},"36":{"start":{"line":37,"column":0},"end":{"line":37,"column":21}},"37":{"start":{"line":38,"column":0},"end":{"line":38,"column":16}},"38":{"start":{"line":39,"column":0},"end":{"line":39,"column":17}},"39":{"start":{"line":40,"column":0},"end":{"line":40,"column":22}},"40":{"start":{"line":41,"column":0},"end":{"line":41,"column":19}},"42":{"start":{"line":43,"column":0},"end":{"line":43,"column":1}},"44":{"start":{"line":45,"column":0},"end":{"line":45,"column":19}}},"s":{"0":1,"1":1,"2":1,"3":1,"4":1,"5":1,"6":1,"7":1,"8":1,"10":3,"11":3,"12":3,"13":3,"14":3,"15":3,"16":3,"18":3,"19":3,"22":3,"23":3,"24":3,"25":3,"26":3,"27":3,"29":3,"32":3,"35":3,"36":3,"37":3,"38":3,"39":3,"40":3,"42":3,"44":1},"branchMap":{"0":{"type":"branch","line":11,"loc":{"start":{"line":11,"column":0},"end":{"line":43,"column":1}},"locations":[{"start":{"line":11,"column":0},"end":{"line":43,"column":1}}]}},"b":{"0":[3]},"fnMap":{"0":{"name":"App","decl":{"start":{"line":11,"column":0},"end":{"line":43,"column":1}},"loc":{"start":{"line":11,"column":0},"end":{"line":43,"column":1}},"line":11}},"f":{"0":3}},"C:\\github\\lifestyle-spaces\\frontend\\src\\components\\Button.tsx":{"path":"C:\\github\\lifestyle-spaces\\frontend\\src\\components\\Button.tsx","all":false,"statementMap":{"0":{"start":{"line":1,"column":0},"end":{"line":1,"column":41}},"1":{"start":{"line":2,"column":0},"end":{"line":2,"column":21}},"12":{"start":{"line":13,"column":0},"end":{"line":13,"column":60}},"13":{"start":{"line":14,"column":0},"end":{"line":14,"column":11}},"14":{"start":{"line":15,"column":0},"end":{"line":15,"column":22}},"15":{"start":{"line":16,"column":0},"end":{"line":16,"column":18}},"16":{"start":{"line":17,"column":0},"
[...]
},"end":{"line":258,"column":63}},"258":{"start":{"line":259,"column":0},"end":{"line":259,"column":67}},"259":{"start":{"line":260,"column":0},"end":{"line":260,"column":24}},"260":{"start":{"line":261,"column":0},"end":{"line":261,"column":21}},"261":{"start":{"line":262,"column":0},"end":{"line":262,"column":99}},"262":{"start":{"line":263,"column":0},"end":{"line":263,"column":61}},"263":{"start":{"line":264,"column":0},"end":{"line":264,"column":18}},"264":{"start":{"line":265,"column":0},"end":{"line":265,"column":5}},"265":{"start":{"line":266,"column":0},"end":{"line":266,"column":4}},"267":{"start":{"line":268,"column":0},"end":{"line":268,"column":67}},"268":{"start":{"line":269,"column":0},"end":{"line":269,"column":9}},"269":{"start":{"line":270,"column":0},"end":{"line":270,"column":55}},"270":{"start":{"line":271,"column":0},"end":{"line":271,"column":40}},"272":{"start":{"line":273,"column":0},"end":{"line":273,"column":56}},"273":{"start":{"line":274,"column":0},"end":{"line":274,"column":66}},"274":{"start":{"line":275,"column":0},"end":{"line":275,"column":21}},"275":{"start":{"line":276,"column":0},"end":{"line":276,"column":97}},"276":{"start":{"line":277,"column":0},"end":{"line":277,"column":61}},"277":{"start":{"line":278,"column":0},"end":{"line":278,"column":5}},"278":{"start":{"line":279,"column":0},"end":{"line":279,"column":4}},"280":{"start":{"line":281,"column":0},"end":{"line":281,"column":40}},"281":{"start":{"line":282,"column":0},"end":{"line":282,"column":38}},"282":{"start":{"line":283,"column":0},"end":{"line":283,"column":4}},"284":{"start":{"line":285,"column":0},"end":{"line":285,"column":42}},"285":{"start":{"line":286,"column":0},"end":{"line":286,"column":13}},"286":{"start":{"line":287,"column":0},"end":{"line":287,"column":35}},"287":{"start":{"line":288,"column":0},"end":{"line":288,"column":33}},"288":{"start":{"line":289,"column":0},"end":{"line":289,"column":35}},"289":{"start":{"line":290,"column":0},"end":{"line":290,"column":37}},"290":{"start":{"line":291,"column":0},"end":{"line":291,"column":45}},"291":{"start":{"line":292,"column":0},"end":{"line":292,"column":47}},"292":{"start":{"line":293,"column":0},"end":{"line":293,"column":57}},"293":{"start":{"line":294,"column":0},"end":{"line":294,"column":33}},"294":{"start":{"line":295,"column":0},"end":{"line":295,"column":4}},"297":{"start":{"line":298,"column":0},"end":{"line":298,"column":40}},"298":{"start":{"line":299,"column":0},"end":{"line":299,"column":77}},"299":{"start":{"line":300,"column":0},"end":{"line":300,"column":60}},"300":{"start":{"line":301,"column":0},"end":{"line":301,"column":54}},"301":{"start":{"line":302,"column":0},"end":{"line":302,"column":6}},"302":{"start":{"line":303,"column":0},"end":{"line":303,"column":71}},"303":{"start":{"line":304,"column":0},"end":{"line":304,"column":66}},"304":{"start":{"line":305,"column":0},"end":{"line":305,"column":6}},"305":{"start":{"line":306,"column":0},"end":{"line":306,"column":3}},"307":{"start":{"line":308,"column":0},"end":{"line":308,"column":88}},"308":{"start":{"line":309,"column":0},"end":{"line":309,"column":2}},"312":{"start":{"line":313,"column":0},"end":{"line":313,"column":49}},"313":{"start":{"line":314,"column":0},"end":{"line":314,"column":43}},"314":{"start":{"line":315,"column":0},"end":{"line":315,"column":17}},"315":{"start":{"line":316,"column":0},"end":{"line":316,"column":68}},"316":{"start":{"line":317,"column":0},"end":{"line":317,"column":3}},"317":{"start":{"line":318,"column":0},"end":{"line":318,"column":17}},"318":{"start":{"line":319,"column":0},"end":{"line":319,"column":2}}},"s":{"0":1,"1":1,"11":1,"56":1,"57":1,"58":1,"59":1,"60":1,"61":1,"62":1,"63":1,"66":1,"67":41,"68":41,"69":12,"70":12,"71":12,"72":12,"73":41,"74":2,"75":2,"76":2,"77":2,"78":2,"79":2,"80":41,"81":2,"82":2,"83":2,"84":2,"85":2,"86":2,"87":41,"88":0,"89":0,"90":0,"91":0,"92":0,"93":0,"94":0,"95":0,"96":0,"97":0,"98":0,"99":41,"100":1,"101":1,"102":1,"103":1,"104":1,"105":1,"106":41,"107":1,"108":1,"109":1,"110":1,"111":1,"112":1,"113":41,"114":0,"115":0,"116":0,"117":0,"118":0,"119":0,"120":41,"121":1,"122":1,"123":1,"124":1,"125":1,"126":1,"127":41,"128":1,"129":1,"130":1,"131":1,"132":1,"133":1,"134":41,"135":1,"136":1,"137":1,"138":1,"139":1,"140":0,"141":1,"142":1,"143":1,"144":1,"145":41,"146":7,"147":7,"148":7,"149":7,"150":7,"151":41,"152":13,"153":13,"154":13,"155":13,"156":41,"157":0,"158":41,"159":41,"162":1,"170":1,"171":32,"173":32,"174":3,"175":3,"176":3,"178":3,"179":2,"180":2,"181":3,"182":1,"183":1,"184":1,"185":1,"186":3,"188":32,"189":3,"190":3,"191":3,"192":3,"193":3,"194":3,"196":3,"197":2,"198":3,"199":1,"200":1,"201":1,"202":3,"204":32,"205":2,"206":2,"207":2,"209":2,"210":2,"211":2,"212":2,"214":1,"215":2,"216":2,"217":1,"218":1,"219":1,"220":2,"222":32,"223":2,"224":2,"225":2,"227":2,"228":1,"229":1,"230":1,"231":1,"232":1,"233":1,"234":1,"235":2,"237":32,"238":2,"239":2,"240":2,"242":2,"243":1,"244":1,"245":1,"246":1,"247":1,"248":1,"249":1,"250":2,"252":32,"253":0,"254":0,"255":0,"257":0,"258":0,"259":0,"260":0,"261":0,"262":0,"263":0,"264":0,"265":0,"267":32,"268":0,"269":0,"270":0,"272":0,"273":0,"274":0,"275":0,"276":0,"277":0,"278":0,"280":32,"281":1,"282":1,"284":32,"285":32,"286":32,"287":32,"288":32,"289":32,"290":32,"291":32,"292":32,"293":32,"294":32,"297":32,"298":32,"299":32,"300":2,"301":2,"302":32,"303":1,"304":1,"305":32,"307":32,"308":32,"312":1,"313":31,"314":31,"315":0,"316":0,"317":31,"318":31},"branchMap":{"0":{"type":"branch","line":67,"loc":{"start":{"line":67,"column":21},"end":{"line":160,"column":2}},"locations":[{"start":{"line":67,"column":21},"end":{"line":160,"column":2}}]},"1":{"type":"branch","line":69,"loc":{"start":{"line":69,"column":4},"end":{"line":73,"column":8}},"locations":[{"start":{"line":69,"column":4},"end":{"line":73,"column":8}}]},"2":{"type":"branch","line":74,"loc":{"start":{"line":74,"column":4},"end":{"line":80,"column":8}},"locations":[{"start":{"line":74,"column":4},"end":{"line":80,"column":8}}]},"3":{"type":"branch","line":81,"loc":{"start":{"line":81,"column":4},"end":{"line":87,"column":8}},"locations":[{"start":{"line":81,"column":4},"end":{"line":87,"column":8}}]},"4":{"type":"branch","line":88,"loc":{"start":{"line":88,"column":4},"end":{"line":99,"column":8}},"locations":[{"start":{"line":88,"column":4},"end":{"line":99,"column":8}}]},"5":{"type":"branch","line":100,"loc":{"start":{"line":100,"column":4},"end":{"line":106,"column":8}},"locations":[{"start":{"line":100,"column":4},"end":{"line":106,"column":8}}]},"6":{"type":"branch","line":107,"loc":{"start":{"line":107,"column":4},"end":{"line":113,"column":8}},"locations":[{"start":{"line":107,"column":4},"end":{"line":113,"column":8}}]},"7":{"type":"branch","line":114,"loc":{"start":{"line":114,"column":4},"end":{"line":120,"column":8}},"locations":[{"start":{"line":114,"column":4},"end":{"line":120,"column":8}}]},"8":{"type":"branch","line":121,"loc":{"start":{"line":121,"column":4},"end":{"line":127,"column":8}},"locations":[{"start":{"line":121,"column":4},"end":{"line":127,"column":8}}]},"9":{"type":"branch","line":128,"loc":{"start":{"line":128,"column":4},"end":{"line":134,"column":8}},"locations":[{"start":{"line":128,"column":4},"end":{"line":134,"column":8}}]},"10":{"type":"branch","line":135,"loc":{"start":{"line":135,"column":4},"end":{"line":145,"column":8}},"locations":[{"start":{"line":135,"column":4},"end":{"line":145,"column":8}}]},"11":{"type":"branch","line":146,"loc":{"start":{"line":146,"column":4},"end":{"line":151,"column":8}},"locations":[{"start":{"line":146,"column":4},"end":{"line":151,"column":8}}]},"12":{"type":"branch","line":152,"loc":{"start":{"line":152,"column":4},"end":{"line":156,"column":8}},"locations":[{"start":{"line":152,"column":4},"end":{"line":156,"column":8}}]},"13":{"type":"branch","line":157,"loc":{"start":{"line":157,"column":4},"end":{"line":158,"column":19}},"locations":[{"start":{"line":157,"column":4},"end":{"line":158,"column":19}}]},"14":{"type":"branch","line":138,"loc":{"start":{"line":138,"column":43},"end":{"line":141,"column":24}},"locations":[{"start":{"line":138,"column":43},"end":{"line":141,"column":24}}]},"15":{"type":"branch","line":140,"loc":{"start":{"line":140,"column":21},"end":{"line":141,"column":24}},"locations":[{"start":{"line":140,"column":21},"end":{"line":141,"column":24}}]},"16":{"type":"branch","line":171,"loc":{"start":{"line":171,"column":59},"end":{"line":309,"column":2}},"locations":[{"start":{"line":171,"column":59},"end":{"line":309,"column":2}}]},"17":{"type":"branch","line":174,"loc":{"start":{"line":174,"column":28},"end":{"line":187,"column":4}},"locations":[{"start":{"line":174,"column":28},"end":{"line":187,"column":4}}]},"18":{"type":"branch","line":179,"loc":{"start":{"line":179,"column":42},"end":{"line":182,"column":13}},"locations":[{"start":{"line":179,"column":42},"end":{"line":182,"column":13}}]},"19":{"type":"branch","line":182,"loc":{"start":{"line":182,"column":4},"end":{"line":186,"column":5}},"locations":[{"start":{"line":182,"column":4},"end":{"line":186,"column":5}}]},"20":{"type":"branch","line":183,"loc":{"start":{"line":183,"column":58},"end":{"line":183,"column":93}},"locations":[{"start":{"line":183,"column":58},"end":{"line":183,"column":93}}]},"21":{"type":"branch","line":189,"loc":{"start":{"line":189,"column":27},"end":{"line":203,"column":4}},"locations":[{"start":{"line":189,"column":27},"end":{"line":203,"column":4}}]},"22":{"type":"branch","line":197,"loc":{"start":{"line":197,"column":59},"end":{"line":199,"column":13}},"locations":[{"start":{"line":197,"column":59},"end":{"line":199,"column":13}}]},"23":{"type":"branch","line":199,"loc":{"start":{"line":199,"column":4},"end":{"line":202,"column":5}},"locations":[{"start":{"line":199,"column":4},"end":{"line":202,"column":5}}]},"24":{"type":"branch","line":200,"loc":{"start":{"line":200,"column":58},"end":{"line":200,"column":92}},"locations":[{"start":{"line":200,"column":58},"end":{"line":200,"column":92}}]},"25":{"type":"branch","line":205,"loc":{"start":{"line":205,"column":28},"end":{"line":221,"column":4}},"locations":[{"start":{"line":205,"column":28},"end":{"line":221,"column":4}}]},"26":{"type":"branch","line":213,"loc":{"start":{"line":213,"column":7},"end":{"line":216,"column":74}},"locations":[{"start":{"line":213,"column":7},"end":{"line":216,"column":74}}]},"27":{"type":"branch","line":216,"loc":{"start":{"line":216,"column":63},"end":{"line":216,"column":77}},"locations":[{"start":{"line":216,"column":63},"end":{"line":216,"column":77}}]},"28":{"type":"branch","line":217,"loc":{"start":{"line":217,"column":4},"end":{"line":220,"column":5}},"locations":[{"start":{"line":217,"column":4},"end":{"line":220,"column":5}}]},"29":{"type":"branch","line":218,"loc":{"start":{"line":218,"column":58},"end":{"line":218,"column":91}},"locations":[{"start":{"line":218,"column":58},"end":{"line":218,"column":91}}]},"30":{"type":"branch","line":223,"loc":{"start":{"line":223,"column":29},"end":{"line":236,"column":4}},"locations":[{"start":{"line":223,"column":29},"end":{"line":236,"column":4}}]},"31":{"type":"branch","line":228,"loc":{"start":{"line":228,"column":48},"end":{"line":235,"column":5}},"locations":[{"start":{"line":228,"column":48},"end":{"line":235,"column":5}}]},"32":{"type":"branch","line":232,"loc":{"start":{"line":232,"column":58},"end":{"line":232,"column":96}},"locations":[{"start":{"line":232,"column":58},"end":{"line":232,"column":96}}]},"33":{"type":"branch","line":238,"loc":{"start":{"line":238,"column":33},"end":{"line":251,"column":4}},"locations":[{"start":{"line":238,"column":33},"end":{"line":251,"column":4}}]},"34":{"type":"branch","line":243,"loc":{"start":{"line":243,"column":60},"end":{"line":250,"column":5}},"locations":[{"start":{"line":243,"column":60},"end":{"line":250,"column":5}}]},"35":{"type":"branch","line":247,"loc":{"start":{"line":247,"column":58},"end":{"line":247,"column":98}},"locations":[{"start":{"line":247,"column":58},"end":{"line":247,"column":98}}]},"36":{"type":"branch","line":281,"loc":{"start":{"line":281,"column":27},"end":{"line":283,"column":4}},"locations":[{"start":{"line":281,"column":27},"end":{"line":283,"column":4}}]},"37":{"type":"branch","line":300,"loc":{"start":{"line":300,"column":33},"end":{"line":302,"column":6}},"locations":[{"start":{"line":300,"column":33},"end":{"line":302,"column":6}}]},"38":{"type":"branch","line":303,"loc":{"start":{"line":303,"column":39},"end":{"line":305,"column":6}},"locations":[{"start":{"line":303,"column":39},"end":{"line":305,"column":6}}]},"39":{"type":"branch","line":313,"loc":{"start":{"line":313,"column":24},"end":{"line":319,"column":2}},"locations":[{"start":{"line":313,"column":24},"end":{"line":319,"column":2}}]},"40":{"type":"branch","line":315,"loc":{"start":{"line":315,"column":16},"end":{"line":317,"column":3}},"locations":[{"start":{"line":315,"column":16},"end":{"line":317,"column":3}}]}},"b":{"0":[41],"1":[12],"2":[2],"3":[2],"4":[0],"5":[1],"6":[1],"7":[0],"8":[1],"9":[1],"10":[1],"11":[7],"12":[13],"13":[0],"14":[1],"15":[0],"16":[32],"17":[3],"18":[2],"19":[1],"20":[0],"21":[3],"22":[2],"23":[1],"24":[0],"25":[2],"26":[1],"27":[0],"28":[1],"29":[0],"30":[2],"31":[1],"32":[0],"33":[2],"34":[1],"35":[0],"36":[1],"37":[2],"38":[1],"39":[31],"40":[0]},"fnMap":{"0":{"name":"spaceReducer","decl":{"start":{"line":67,"column":21},"end":{"line":160,"column":2}},"loc":{"start":{"line":67,"column":21},"end":{"line":160,"column":2}},"line":67},"1":{"name":"SpaceProvider","decl":{"start":{"line":171,"column":59},"end":{"line":309,"column":2}},"loc":{"start":{"line":171,"column":59},"end":{"line":309,"column":2}},"line":171},"2":{"name":"handleCreateSpace","decl":{"start":{"line":174,"column":28},"end":{"line":187,"column":4}},"loc":{"start":{"line":174,"column":28},"end":{"line":187,"column":4}},"line":174},"3":{"name":"handleLoadSpaces","decl":{"start":{"line":189,"column":27},"end":{"line":203,"column":4}},"loc":{"start":{"line":189,"column":27},"end":{"line":203,"column":4}},"line":189},"4":{"name":"handleSelectSpace","decl":{"start":{"line":205,"column":28},"end":{"line":221,"column":4}},"loc":{"start":{"line":205,"column":28},"end":{"line":221,"column":4}},"line":205},"5":{"name":"handleInviteMember","decl":{"start":{"line":223,"column":29},"end":{"line":236,"column":4}},"loc":{"start":{"line":223,"column":29},"end":{"line":236,"column":4}},"line":223},"6":{"name":"handleAcceptInvitation","decl":{"start":{"line":238,"column":33},"end":{"line":251,"column":4}},"loc":{"start":{"line":238,"column":33},"end":{"line":251,"column":4}},"line":238},"7":{"name":"handleDeclineInvitation","decl":{"start":{"line":253,"column":34},"end":{"line":266,"column":4}},"loc":{"start":{"line":253,"column":34},"end":{"line":266,"column":4}},"line":253},"8":{"name":"handleLoadPendingInvitations","decl":{"start":{"line":268,"column":39},"end":{"line":279,"column":4}},"loc":{"start":{"line":268,"column":39},"end":{"line":279,"column":4}},"line":268},"9":{"name":"handleClearError","decl":{"start":{"line":281,"column":27},"end":{"line":283,"column":4}},"loc":{"start":{"line":281,"column":27},"end":{"line":283,"column":4}},"line":281},"10":{"name":"SpaceProvider.testContextValue._setError","decl":{"start":{"line":300,"column":33},"end":{"line":302,"column":6}},"loc":{"start":{"line":300,"column":33},"end":{"line":302,"column":6}},"line":300},"11":{"name":"SpaceProvider.testContextValue._setInvitations","decl":{"start":{"line":303,"column":39},"end":{"line":305,"column":6}},"loc":{"start":{"line":303,"column":39},"end":{"line":305,"column":6}},"line":303},"12":{"name":"useSpace","decl":{"start":{"line":313,"column":24},"end":{"line":319,"column":2}},"loc":{"start":{"line":313,"column":24},"end":{"line":319,"column":2}},"line":313}},"f":{"0":41,"1":32,"2":3,"3":3,"4":2,"5":2,"6":2,"7":0,"8":0,"9":1,"10":2,"11":1,"12":31}},"C:\\github\\lifestyle-spaces\\frontend\\src\\types\\index.ts":{"path":"C:\\github\\lifestyle-spaces\\frontend\\src\\types\\index.ts","all":false,"statementMap":{"1":{"start":{"line":2,"column":0},"end":{"line":2,"column":29}},"2":{"start":{"line":3,"column":0},"end":{"line":3,"column":30}}},"s":{"1":1,"2":1},"branchMap":{},"b":{},"fnMap":{},"f":{}},"C:\\github\\lifestyle-spaces\\frontend\\src\\types\\auth.types.ts":{"path":"C:\\github\\lifestyle-spaces\\frontend\\src\\types\\auth.types.ts","all":false,"statementMap":{},"s":{},"branchMap":{},"b":{},"fnMap":{},"f":{}},"C:\\github\\lifestyle-spaces\\frontend\\src\\types\\space.types.ts":{"path":"C:\\github\\lifestyle-spaces\\frontend\\src\\types\\space.types.ts","all":false,"statementMap":{},"s":{},"branchMap":{},"b":{},"fnMap":{},"f":{}}}}
[34m % [39m[2mCoverage report from [22m[33mv8[39m
-------------------|---------|----------|---------|---------|-------------------
File               | % Stmts | % Branch | % Funcs | % Lines | Uncovered Line #s 
-------------------|---------|----------|---------|---------|-------------------
All files          |   90.89 |    89.16 |   85.38 |   90.89 |                   
 src               |     100 |      100 |     100 |     100 |                   
  App.tsx          |     100 |      100 |     100 |     100 |                   
 src/components    |     100 |    94.44 |     100 |     100 |                   
  Button.tsx       |     100 |      100 |     100 |     100 |                   
  ...ctedRoute.tsx |     100 |       75 |     100 |     100 | 23                
 ...omponents/auth |   98.32 |    94.44 |     100 |   98.32 |                   
  AuthLayout.tsx   |     100 |      100 |     100 |     100 |                   
  SignInForm.tsx   |   99.21 |    95.23 |     100 |   99.21 | 43                
  SignUpForm.tsx   |   97.66 |       94 |     100 |   97.66 | 49,62-63,65-66    
 ...ponents/spaces |   95.39 |    91.03 |    98.5 |   95.39 |                   
  ...paceModal.tsx |   93.92 |    91.37 |     100 |   93.92 | ...1,84-86,98-103 
  ...mberModal.tsx |   92.96 |    88.31 |     100 |   92.96 | ...27,172,248-253 
  MembersList.tsx  |   97.86 |     91.3 |     100 |   97.86 | 159,407-413       
  SpaceCard.tsx    |     100 |    97.05 |   91.66 |     100 | 42                
  SpaceList.tsx    |   93.98 |    90.38 |     100 |   93.98 | ...,94-99,101-106 
 src/config        |     100 |    97.36 |     100 |     100 |                   
  amplify.ts       |     100 |      100 |     100 |     100 |                   
  index.ts         |     100 |    93.33 |     100 |     100 | 77                
 src/pages         |   72.88 |    78.94 |   41.93 |   72.88 |                   
  Dashboard.tsx    |   12.32 |      100 |       0 |   12.32 | 11-88             
  SignIn.tsx       |   72.41 |      100 |   33.33 |   72.41 | 13-19,22-23       
  SignUp.tsx       |   22.58 |      100 |       0 |   22.58 | 9-37              
  SpaceDetail.tsx  |   90.56 |    78.57 |   46.15 |   90.56 | ...17-118,378-388 
 src/services      |   93.77 |     92.3 |      90 |   93.77 |                   
  api.ts           |     100 |      100 |     100 |     100 |                   
  auth.ts          |   97.97 |    83.87 |     100 |   97.97 | 107-108           
  spaces.ts        |   83.33 |    94.59 |      70 |   83.33 | ...47-149,155-161 
 src/stores        |   85.01 |    74.28 |    87.5 |   85.01 |                   
  authStore.tsx    |   91.11 |    75.86 |    90.9 |   91.11 | ...52-160,190-191 
  spaceStore.tsx   |   81.46 |    73.17 |   84.61 |   81.46 | ...69-279,316-317 
 src/types         |     100 |      100 |     100 |     100 |                   
  auth.types.ts    |       0 |        0 |       0 |       0 |                   
  index.ts         |     100 |      100 |     100 |     100 |                   
  space.types.ts   |       0 |        0 |       0 |       0 |                   
-------------------|---------|----------|---------|---------|-------------------
